(status_product_1,status_product_2,update_failure_product_1,choose_product1,update_success_product_2,update_success_product_1,choose_between_product1_and_product2,update_failure_product_2,choose_product2,plan_product_1,plan_product_2,choose_plan_product_2,choose_plan_product_1,action_effect_product_1,action_effect_product_2,action_product_2_cheap_bag,action_product_2_expensive_bag,action_product_1_cheap_bag,action_product_1_expensive_bag)
0:(0,0,0,0,0,0,0,0,0,0,0,0,0,0,0,0,0,0,0)
1:(0,1,0,0,0,0,1,0,0,0,0,0,0,0,0,0,0,0,0)
2:(0,1,0,0,0,0,1,0,0,0,1,1,0,0,0,0,0,0,0)
3:(0,1,0,0,0,0,1,0,0,0,1,1,0,0,1,1,0,0,0)
4:(0,1,0,0,0,0,1,0,0,0,1,1,0,0,2,1,0,0,0)
5:(0,1,0,0,0,0,1,0,0,0,2,1,0,0,0,0,0,0,0)
6:(0,1,0,0,0,0,1,0,0,0,2,1,0,0,1,0,1,0,0)
7:(0,1,0,0,0,0,1,0,0,0,2,1,0,0,2,0,1,0,0)
8:(0,2,0,0,1,0,0,0,0,0,1,1,0,0,1,1,0,0,0)
9:(0,2,0,0,1,0,0,0,0,0,2,1,0,0,1,0,1,0,0)
10:(0,3,0,0,0,0,0,1,0,0,1,1,0,0,2,1,0,0,0)
11:(0,3,0,0,0,0,0,1,0,0,2,1,0,0,2,0,1,0,0)
12:(1,0,0,0,0,0,1,0,0,0,0,0,0,0,0,0,0,0,0)
13:(1,0,0,0,0,0,1,0,0,1,0,0,1,0,0,0,0,0,0)
14:(1,0,0,0,0,0,1,0,0,1,0,0,1,1,0,0,0,1,0)
15:(1,0,0,0,0,0,1,0,0,1,0,0,1,2,0,0,0,1,0)
16:(1,0,0,0,0,0,1,0,0,2,0,0,1,0,0,0,0,0,0)
17:(1,0,0,0,0,0,1,0,0,2,0,0,1,1,0,0,0,0,1)
18:(1,0,0,0,0,0,1,0,0,2,0,0,1,2,0,0,0,0,1)
19:(1,1,0,0,0,0,0,0,1,0,0,0,0,0,0,0,0,0,0)
20:(1,1,0,0,0,0,0,0,1,0,1,1,0,0,0,0,0,0,0)
21:(1,1,0,0,0,0,0,0,1,0,1,1,0,0,1,1,0,0,0)
22:(1,1,0,0,0,0,0,0,1,0,1,1,0,0,2,1,0,0,0)
23:(1,1,0,0,0,0,0,0,1,0,2,1,0,0,0,0,0,0,0)
24:(1,1,0,0,0,0,0,0,1,0,2,1,0,0,1,0,1,0,0)
25:(1,1,0,0,0,0,0,0,1,0,2,1,0,0,2,0,1,0,0)
26:(1,1,0,0,0,0,0,0,1,1,0,0,1,0,0,0,0,0,0)
27:(1,1,0,0,0,0,0,0,1,1,0,0,1,1,0,0,0,1,0)
28:(1,1,0,0,0,0,0,0,1,1,0,0,1,2,0,0,0,1,0)
29:(1,1,0,0,0,0,0,0,1,1,1,0,1,0,0,0,0,0,0)
30:(1,1,0,0,0,0,0,0,1,1,1,0,1,0,1,1,0,0,0)
31:(1,1,0,0,0,0,0,0,1,1,1,0,1,0,2,1,0,0,0)
32:(1,1,0,0,0,0,0,0,1,1,1,0,1,1,0,0,0,1,0)
33:(1,1,0,0,0,0,0,0,1,1,1,0,1,1,1,0,0,1,0)
34:(1,1,0,0,0,0,0,0,1,1,1,0,1,1,1,1,0,0,0)
35:(1,1,0,0,0,0,0,0,1,1,1,0,1,1,2,0,0,1,0)
36:(1,1,0,0,0,0,0,0,1,1,1,0,1,1,2,1,0,0,0)
37:(1,1,0,0,0,0,0,0,1,1,1,0,1,2,0,0,0,1,0)
38:(1,1,0,0,0,0,0,0,1,1,1,0,1,2,1,0,0,1,0)
39:(1,1,0,0,0,0,0,0,1,1,1,0,1,2,1,1,0,0,0)
40:(1,1,0,0,0,0,0,0,1,1,1,0,1,2,2,0,0,1,0)
41:(1,1,0,0,0,0,0,0,1,1,1,0,1,2,2,1,0,0,0)
42:(1,1,0,0,0,0,0,0,1,1,1,1,0,0,0,0,0,0,0)
43:(1,1,0,0,0,0,0,0,1,1,1,1,0,0,1,1,0,0,0)
44:(1,1,0,0,0,0,0,0,1,1,1,1,0,0,2,1,0,0,0)
45:(1,1,0,0,0,0,0,0,1,1,1,1,0,1,0,0,0,1,0)
46:(1,1,0,0,0,0,0,0,1,1,1,1,0,1,1,0,0,1,0)
47:(1,1,0,0,0,0,0,0,1,1,1,1,0,1,1,1,0,0,0)
48:(1,1,0,0,0,0,0,0,1,1,1,1,0,1,2,0,0,1,0)
49:(1,1,0,0,0,0,0,0,1,1,1,1,0,1,2,1,0,0,0)
50:(1,1,0,0,0,0,0,0,1,1,1,1,0,2,0,0,0,1,0)
51:(1,1,0,0,0,0,0,0,1,1,1,1,0,2,1,0,0,1,0)
52:(1,1,0,0,0,0,0,0,1,1,1,1,0,2,1,1,0,0,0)
53:(1,1,0,0,0,0,0,0,1,1,1,1,0,2,2,0,0,1,0)
54:(1,1,0,0,0,0,0,0,1,1,1,1,0,2,2,1,0,0,0)
55:(1,1,0,0,0,0,0,0,1,1,2,0,1,0,0,0,0,0,0)
56:(1,1,0,0,0,0,0,0,1,1,2,0,1,0,1,0,1,0,0)
57:(1,1,0,0,0,0,0,0,1,1,2,0,1,0,2,0,1,0,0)
58:(1,1,0,0,0,0,0,0,1,1,2,0,1,1,0,0,0,1,0)
59:(1,1,0,0,0,0,0,0,1,1,2,0,1,1,1,0,0,1,0)
60:(1,1,0,0,0,0,0,0,1,1,2,0,1,1,1,0,1,0,0)
61:(1,1,0,0,0,0,0,0,1,1,2,0,1,1,2,0,0,1,0)
62:(1,1,0,0,0,0,0,0,1,1,2,0,1,1,2,0,1,0,0)
63:(1,1,0,0,0,0,0,0,1,1,2,0,1,2,0,0,0,1,0)
64:(1,1,0,0,0,0,0,0,1,1,2,0,1,2,1,0,0,1,0)
65:(1,1,0,0,0,0,0,0,1,1,2,0,1,2,1,0,1,0,0)
66:(1,1,0,0,0,0,0,0,1,1,2,0,1,2,2,0,0,1,0)
67:(1,1,0,0,0,0,0,0,1,1,2,0,1,2,2,0,1,0,0)
68:(1,1,0,0,0,0,0,0,1,1,2,1,0,0,0,0,0,0,0)
69:(1,1,0,0,0,0,0,0,1,1,2,1,0,0,1,0,1,0,0)
70:(1,1,0,0,0,0,0,0,1,1,2,1,0,0,2,0,1,0,0)
71:(1,1,0,0,0,0,0,0,1,1,2,1,0,1,0,0,0,1,0)
72:(1,1,0,0,0,0,0,0,1,1,2,1,0,1,1,0,0,1,0)
73:(1,1,0,0,0,0,0,0,1,1,2,1,0,1,1,0,1,0,0)
74:(1,1,0,0,0,0,0,0,1,1,2,1,0,1,2,0,0,1,0)
75:(1,1,0,0,0,0,0,0,1,1,2,1,0,1,2,0,1,0,0)
76:(1,1,0,0,0,0,0,0,1,1,2,1,0,2,0,0,0,1,0)
77:(1,1,0,0,0,0,0,0,1,1,2,1,0,2,1,0,0,1,0)
78:(1,1,0,0,0,0,0,0,1,1,2,1,0,2,1,0,1,0,0)
79:(1,1,0,0,0,0,0,0,1,1,2,1,0,2,2,0,0,1,0)
80:(1,1,0,0,0,0,0,0,1,1,2,1,0,2,2,0,1,0,0)
81:(1,1,0,0,0,0,0,0,1,2,0,0,1,0,0,0,0,0,0)
82:(1,1,0,0,0,0,0,0,1,2,0,0,1,1,0,0,0,0,1)
83:(1,1,0,0,0,0,0,0,1,2,0,0,1,2,0,0,0,0,1)
84:(1,1,0,0,0,0,0,0,1,2,1,0,1,0,0,0,0,0,0)
85:(1,1,0,0,0,0,0,0,1,2,1,0,1,0,1,1,0,0,0)
86:(1,1,0,0,0,0,0,0,1,2,1,0,1,0,2,1,0,0,0)
87:(1,1,0,0,0,0,0,0,1,2,1,0,1,1,0,0,0,0,1)
88:(1,1,0,0,0,0,0,0,1,2,1,0,1,1,1,0,0,0,1)
89:(1,1,0,0,0,0,0,0,1,2,1,0,1,1,1,1,0,0,0)
90:(1,1,0,0,0,0,0,0,1,2,1,0,1,1,2,0,0,0,1)
91:(1,1,0,0,0,0,0,0,1,2,1,0,1,1,2,1,0,0,0)
92:(1,1,0,0,0,0,0,0,1,2,1,0,1,2,0,0,0,0,1)
93:(1,1,0,0,0,0,0,0,1,2,1,0,1,2,1,0,0,0,1)
94:(1,1,0,0,0,0,0,0,1,2,1,0,1,2,1,1,0,0,0)
95:(1,1,0,0,0,0,0,0,1,2,1,0,1,2,2,0,0,0,1)
96:(1,1,0,0,0,0,0,0,1,2,1,0,1,2,2,1,0,0,0)
97:(1,1,0,0,0,0,0,0,1,2,1,1,0,0,0,0,0,0,0)
98:(1,1,0,0,0,0,0,0,1,2,1,1,0,0,1,1,0,0,0)
99:(1,1,0,0,0,0,0,0,1,2,1,1,0,0,2,1,0,0,0)
100:(1,1,0,0,0,0,0,0,1,2,1,1,0,1,0,0,0,0,1)
101:(1,1,0,0,0,0,0,0,1,2,1,1,0,1,1,0,0,0,1)
102:(1,1,0,0,0,0,0,0,1,2,1,1,0,1,1,1,0,0,0)
103:(1,1,0,0,0,0,0,0,1,2,1,1,0,1,2,0,0,0,1)
104:(1,1,0,0,0,0,0,0,1,2,1,1,0,1,2,1,0,0,0)
105:(1,1,0,0,0,0,0,0,1,2,1,1,0,2,0,0,0,0,1)
106:(1,1,0,0,0,0,0,0,1,2,1,1,0,2,1,0,0,0,1)
107:(1,1,0,0,0,0,0,0,1,2,1,1,0,2,1,1,0,0,0)
108:(1,1,0,0,0,0,0,0,1,2,1,1,0,2,2,0,0,0,1)
109:(1,1,0,0,0,0,0,0,1,2,1,1,0,2,2,1,0,0,0)
110:(1,1,0,0,0,0,0,0,1,2,2,0,1,0,0,0,0,0,0)
111:(1,1,0,0,0,0,0,0,1,2,2,0,1,0,1,0,1,0,0)
112:(1,1,0,0,0,0,0,0,1,2,2,0,1,0,2,0,1,0,0)
113:(1,1,0,0,0,0,0,0,1,2,2,0,1,1,0,0,0,0,1)
114:(1,1,0,0,0,0,0,0,1,2,2,0,1,1,1,0,0,0,1)
115:(1,1,0,0,0,0,0,0,1,2,2,0,1,1,1,0,1,0,0)
116:(1,1,0,0,0,0,0,0,1,2,2,0,1,1,2,0,0,0,1)
117:(1,1,0,0,0,0,0,0,1,2,2,0,1,1,2,0,1,0,0)
118:(1,1,0,0,0,0,0,0,1,2,2,0,1,2,0,0,0,0,1)
119:(1,1,0,0,0,0,0,0,1,2,2,0,1,2,1,0,0,0,1)
120:(1,1,0,0,0,0,0,0,1,2,2,0,1,2,1,0,1,0,0)
121:(1,1,0,0,0,0,0,0,1,2,2,0,1,2,2,0,0,0,1)
122:(1,1,0,0,0,0,0,0,1,2,2,0,1,2,2,0,1,0,0)
123:(1,1,0,0,0,0,0,0,1,2,2,1,0,0,0,0,0,0,0)
124:(1,1,0,0,0,0,0,0,1,2,2,1,0,0,1,0,1,0,0)
125:(1,1,0,0,0,0,0,0,1,2,2,1,0,0,2,0,1,0,0)
126:(1,1,0,0,0,0,0,0,1,2,2,1,0,1,0,0,0,0,1)
127:(1,1,0,0,0,0,0,0,1,2,2,1,0,1,1,0,0,0,1)
128:(1,1,0,0,0,0,0,0,1,2,2,1,0,1,1,0,1,0,0)
129:(1,1,0,0,0,0,0,0,1,2,2,1,0,1,2,0,0,0,1)
130:(1,1,0,0,0,0,0,0,1,2,2,1,0,1,2,0,1,0,0)
131:(1,1,0,0,0,0,0,0,1,2,2,1,0,2,0,0,0,0,1)
132:(1,1,0,0,0,0,0,0,1,2,2,1,0,2,1,0,0,0,1)
133:(1,1,0,0,0,0,0,0,1,2,2,1,0,2,1,0,1,0,0)
134:(1,1,0,0,0,0,0,0,1,2,2,1,0,2,2,0,0,0,1)
135:(1,1,0,0,0,0,0,0,1,2,2,1,0,2,2,0,1,0,0)
136:(1,1,0,1,0,0,0,0,0,0,0,0,0,0,0,0,0,0,0)
137:(1,1,0,1,0,0,0,0,0,0,1,1,0,0,0,0,0,0,0)
138:(1,1,0,1,0,0,0,0,0,0,1,1,0,0,1,1,0,0,0)
139:(1,1,0,1,0,0,0,0,0,0,1,1,0,0,2,1,0,0,0)
140:(1,1,0,1,0,0,0,0,0,0,2,1,0,0,0,0,0,0,0)
141:(1,1,0,1,0,0,0,0,0,0,2,1,0,0,1,0,1,0,0)
142:(1,1,0,1,0,0,0,0,0,0,2,1,0,0,2,0,1,0,0)
143:(1,1,0,1,0,0,0,0,0,1,0,0,1,0,0,0,0,0,0)
144:(1,1,0,1,0,0,0,0,0,1,0,0,1,1,0,0,0,1,0)
145:(1,1,0,1,0,0,0,0,0,1,0,0,1,2,0,0,0,1,0)
146:(1,1,0,1,0,0,0,0,0,1,1,0,1,0,0,0,0,0,0)
147:(1,1,0,1,0,0,0,0,0,1,1,0,1,0,1,1,0,0,0)
148:(1,1,0,1,0,0,0,0,0,1,1,0,1,0,2,1,0,0,0)
149:(1,1,0,1,0,0,0,0,0,1,1,0,1,1,0,0,0,1,0)
150:(1,1,0,1,0,0,0,0,0,1,1,0,1,1,1,0,0,1,0)
151:(1,1,0,1,0,0,0,0,0,1,1,0,1,1,1,1,0,0,0)
152:(1,1,0,1,0,0,0,0,0,1,1,0,1,1,2,0,0,1,0)
153:(1,1,0,1,0,0,0,0,0,1,1,0,1,1,2,1,0,0,0)
154:(1,1,0,1,0,0,0,0,0,1,1,0,1,2,0,0,0,1,0)
155:(1,1,0,1,0,0,0,0,0,1,1,0,1,2,1,0,0,1,0)
156:(1,1,0,1,0,0,0,0,0,1,1,0,1,2,1,1,0,0,0)
157:(1,1,0,1,0,0,0,0,0,1,1,0,1,2,2,0,0,1,0)
158:(1,1,0,1,0,0,0,0,0,1,1,0,1,2,2,1,0,0,0)
159:(1,1,0,1,0,0,0,0,0,1,1,1,0,0,0,0,0,0,0)
160:(1,1,0,1,0,0,0,0,0,1,1,1,0,0,1,1,0,0,0)
161:(1,1,0,1,0,0,0,0,0,1,1,1,0,0,2,1,0,0,0)
162:(1,1,0,1,0,0,0,0,0,1,1,1,0,1,0,0,0,1,0)
163:(1,1,0,1,0,0,0,0,0,1,1,1,0,1,1,0,0,1,0)
164:(1,1,0,1,0,0,0,0,0,1,1,1,0,1,1,1,0,0,0)
165:(1,1,0,1,0,0,0,0,0,1,1,1,0,1,2,0,0,1,0)
166:(1,1,0,1,0,0,0,0,0,1,1,1,0,1,2,1,0,0,0)
167:(1,1,0,1,0,0,0,0,0,1,1,1,0,2,0,0,0,1,0)
168:(1,1,0,1,0,0,0,0,0,1,1,1,0,2,1,0,0,1,0)
169:(1,1,0,1,0,0,0,0,0,1,1,1,0,2,1,1,0,0,0)
170:(1,1,0,1,0,0,0,0,0,1,1,1,0,2,2,0,0,1,0)
171:(1,1,0,1,0,0,0,0,0,1,1,1,0,2,2,1,0,0,0)
172:(1,1,0,1,0,0,0,0,0,1,2,0,1,0,0,0,0,0,0)
173:(1,1,0,1,0,0,0,0,0,1,2,0,1,0,1,0,1,0,0)
174:(1,1,0,1,0,0,0,0,0,1,2,0,1,0,2,0,1,0,0)
175:(1,1,0,1,0,0,0,0,0,1,2,0,1,1,0,0,0,1,0)
176:(1,1,0,1,0,0,0,0,0,1,2,0,1,1,1,0,0,1,0)
177:(1,1,0,1,0,0,0,0,0,1,2,0,1,1,1,0,1,0,0)
178:(1,1,0,1,0,0,0,0,0,1,2,0,1,1,2,0,0,1,0)
179:(1,1,0,1,0,0,0,0,0,1,2,0,1,1,2,0,1,0,0)
180:(1,1,0,1,0,0,0,0,0,1,2,0,1,2,0,0,0,1,0)
181:(1,1,0,1,0,0,0,0,0,1,2,0,1,2,1,0,0,1,0)
182:(1,1,0,1,0,0,0,0,0,1,2,0,1,2,1,0,1,0,0)
183:(1,1,0,1,0,0,0,0,0,1,2,0,1,2,2,0,0,1,0)
184:(1,1,0,1,0,0,0,0,0,1,2,0,1,2,2,0,1,0,0)
185:(1,1,0,1,0,0,0,0,0,1,2,1,0,0,0,0,0,0,0)
186:(1,1,0,1,0,0,0,0,0,1,2,1,0,0,1,0,1,0,0)
187:(1,1,0,1,0,0,0,0,0,1,2,1,0,0,2,0,1,0,0)
188:(1,1,0,1,0,0,0,0,0,1,2,1,0,1,0,0,0,1,0)
189:(1,1,0,1,0,0,0,0,0,1,2,1,0,1,1,0,0,1,0)
190:(1,1,0,1,0,0,0,0,0,1,2,1,0,1,1,0,1,0,0)
191:(1,1,0,1,0,0,0,0,0,1,2,1,0,1,2,0,0,1,0)
192:(1,1,0,1,0,0,0,0,0,1,2,1,0,1,2,0,1,0,0)
193:(1,1,0,1,0,0,0,0,0,1,2,1,0,2,0,0,0,1,0)
194:(1,1,0,1,0,0,0,0,0,1,2,1,0,2,1,0,0,1,0)
195:(1,1,0,1,0,0,0,0,0,1,2,1,0,2,1,0,1,0,0)
196:(1,1,0,1,0,0,0,0,0,1,2,1,0,2,2,0,0,1,0)
197:(1,1,0,1,0,0,0,0,0,1,2,1,0,2,2,0,1,0,0)
198:(1,1,0,1,0,0,0,0,0,2,0,0,1,0,0,0,0,0,0)
199:(1,1,0,1,0,0,0,0,0,2,0,0,1,1,0,0,0,0,1)
200:(1,1,0,1,0,0,0,0,0,2,0,0,1,2,0,0,0,0,1)
201:(1,1,0,1,0,0,0,0,0,2,1,0,1,0,0,0,0,0,0)
202:(1,1,0,1,0,0,0,0,0,2,1,0,1,0,1,1,0,0,0)
203:(1,1,0,1,0,0,0,0,0,2,1,0,1,0,2,1,0,0,0)
204:(1,1,0,1,0,0,0,0,0,2,1,0,1,1,0,0,0,0,1)
205:(1,1,0,1,0,0,0,0,0,2,1,0,1,1,1,0,0,0,1)
206:(1,1,0,1,0,0,0,0,0,2,1,0,1,1,1,1,0,0,0)
207:(1,1,0,1,0,0,0,0,0,2,1,0,1,1,2,0,0,0,1)
208:(1,1,0,1,0,0,0,0,0,2,1,0,1,1,2,1,0,0,0)
209:(1,1,0,1,0,0,0,0,0,2,1,0,1,2,0,0,0,0,1)
210:(1,1,0,1,0,0,0,0,0,2,1,0,1,2,1,0,0,0,1)
211:(1,1,0,1,0,0,0,0,0,2,1,0,1,2,1,1,0,0,0)
212:(1,1,0,1,0,0,0,0,0,2,1,0,1,2,2,0,0,0,1)
213:(1,1,0,1,0,0,0,0,0,2,1,0,1,2,2,1,0,0,0)
214:(1,1,0,1,0,0,0,0,0,2,1,1,0,0,0,0,0,0,0)
215:(1,1,0,1,0,0,0,0,0,2,1,1,0,0,1,1,0,0,0)
216:(1,1,0,1,0,0,0,0,0,2,1,1,0,0,2,1,0,0,0)
217:(1,1,0,1,0,0,0,0,0,2,1,1,0,1,0,0,0,0,1)
218:(1,1,0,1,0,0,0,0,0,2,1,1,0,1,1,0,0,0,1)
219:(1,1,0,1,0,0,0,0,0,2,1,1,0,1,1,1,0,0,0)
220:(1,1,0,1,0,0,0,0,0,2,1,1,0,1,2,0,0,0,1)
221:(1,1,0,1,0,0,0,0,0,2,1,1,0,1,2,1,0,0,0)
222:(1,1,0,1,0,0,0,0,0,2,1,1,0,2,0,0,0,0,1)
223:(1,1,0,1,0,0,0,0,0,2,1,1,0,2,1,0,0,0,1)
224:(1,1,0,1,0,0,0,0,0,2,1,1,0,2,1,1,0,0,0)
225:(1,1,0,1,0,0,0,0,0,2,1,1,0,2,2,0,0,0,1)
226:(1,1,0,1,0,0,0,0,0,2,1,1,0,2,2,1,0,0,0)
227:(1,1,0,1,0,0,0,0,0,2,2,0,1,0,0,0,0,0,0)
228:(1,1,0,1,0,0,0,0,0,2,2,0,1,0,1,0,1,0,0)
229:(1,1,0,1,0,0,0,0,0,2,2,0,1,0,2,0,1,0,0)
230:(1,1,0,1,0,0,0,0,0,2,2,0,1,1,0,0,0,0,1)
231:(1,1,0,1,0,0,0,0,0,2,2,0,1,1,1,0,0,0,1)
232:(1,1,0,1,0,0,0,0,0,2,2,0,1,1,1,0,1,0,0)
233:(1,1,0,1,0,0,0,0,0,2,2,0,1,1,2,0,0,0,1)
234:(1,1,0,1,0,0,0,0,0,2,2,0,1,1,2,0,1,0,0)
235:(1,1,0,1,0,0,0,0,0,2,2,0,1,2,0,0,0,0,1)
236:(1,1,0,1,0,0,0,0,0,2,2,0,1,2,1,0,0,0,1)
237:(1,1,0,1,0,0,0,0,0,2,2,0,1,2,1,0,1,0,0)
238:(1,1,0,1,0,0,0,0,0,2,2,0,1,2,2,0,0,0,1)
239:(1,1,0,1,0,0,0,0,0,2,2,0,1,2,2,0,1,0,0)
240:(1,1,0,1,0,0,0,0,0,2,2,1,0,0,0,0,0,0,0)
241:(1,1,0,1,0,0,0,0,0,2,2,1,0,0,1,0,1,0,0)
242:(1,1,0,1,0,0,0,0,0,2,2,1,0,0,2,0,1,0,0)
243:(1,1,0,1,0,0,0,0,0,2,2,1,0,1,0,0,0,0,1)
244:(1,1,0,1,0,0,0,0,0,2,2,1,0,1,1,0,0,0,1)
245:(1,1,0,1,0,0,0,0,0,2,2,1,0,1,1,0,1,0,0)
246:(1,1,0,1,0,0,0,0,0,2,2,1,0,1,2,0,0,0,1)
247:(1,1,0,1,0,0,0,0,0,2,2,1,0,1,2,0,1,0,0)
248:(1,1,0,1,0,0,0,0,0,2,2,1,0,2,0,0,0,0,1)
249:(1,1,0,1,0,0,0,0,0,2,2,1,0,2,1,0,0,0,1)
250:(1,1,0,1,0,0,0,0,0,2,2,1,0,2,1,0,1,0,0)
251:(1,1,0,1,0,0,0,0,0,2,2,1,0,2,2,0,0,0,1)
252:(1,1,0,1,0,0,0,0,0,2,2,1,0,2,2,0,1,0,0)
253:(1,2,0,0,1,0,0,0,0,0,1,1,0,0,1,1,0,0,0)
254:(1,2,0,0,1,0,0,0,0,0,2,1,0,0,1,0,1,0,0)
255:(1,2,0,0,1,0,0,0,0,1,1,0,1,0,1,1,0,0,0)
256:(1,2,0,0,1,0,0,0,0,1,1,0,1,1,1,0,0,1,0)
257:(1,2,0,0,1,0,0,0,0,1,1,0,1,1,1,1,0,0,0)
258:(1,2,0,0,1,0,0,0,0,1,1,0,1,2,1,0,0,1,0)
259:(1,2,0,0,1,0,0,0,0,1,1,0,1,2,1,1,0,0,0)
260:(1,2,0,0,1,0,0,0,0,1,1,1,0,0,1,1,0,0,0)
261:(1,2,0,0,1,0,0,0,0,1,1,1,0,1,1,0,0,1,0)
262:(1,2,0,0,1,0,0,0,0,1,1,1,0,1,1,1,0,0,0)
263:(1,2,0,0,1,0,0,0,0,1,1,1,0,2,1,0,0,1,0)
264:(1,2,0,0,1,0,0,0,0,1,1,1,0,2,1,1,0,0,0)
265:(1,2,0,0,1,0,0,0,0,1,2,0,1,0,1,0,1,0,0)
266:(1,2,0,0,1,0,0,0,0,1,2,0,1,1,1,0,0,1,0)
267:(1,2,0,0,1,0,0,0,0,1,2,0,1,1,1,0,1,0,0)
268:(1,2,0,0,1,0,0,0,0,1,2,0,1,2,1,0,0,1,0)
269:(1,2,0,0,1,0,0,0,0,1,2,0,1,2,1,0,1,0,0)
270:(1,2,0,0,1,0,0,0,0,1,2,1,0,0,1,0,1,0,0)
271:(1,2,0,0,1,0,0,0,0,1,2,1,0,1,1,0,0,1,0)
272:(1,2,0,0,1,0,0,0,0,1,2,1,0,1,1,0,1,0,0)
273:(1,2,0,0,1,0,0,0,0,1,2,1,0,2,1,0,0,1,0)
274:(1,2,0,0,1,0,0,0,0,1,2,1,0,2,1,0,1,0,0)
275:(1,2,0,0,1,0,0,0,0,2,1,0,1,0,1,1,0,0,0)
276:(1,2,0,0,1,0,0,0,0,2,1,0,1,1,1,0,0,0,1)
277:(1,2,0,0,1,0,0,0,0,2,1,0,1,1,1,1,0,0,0)
278:(1,2,0,0,1,0,0,0,0,2,1,0,1,2,1,0,0,0,1)
279:(1,2,0,0,1,0,0,0,0,2,1,0,1,2,1,1,0,0,0)
280:(1,2,0,0,1,0,0,0,0,2,1,1,0,0,1,1,0,0,0)
281:(1,2,0,0,1,0,0,0,0,2,1,1,0,1,1,0,0,0,1)
282:(1,2,0,0,1,0,0,0,0,2,1,1,0,1,1,1,0,0,0)
283:(1,2,0,0,1,0,0,0,0,2,1,1,0,2,1,0,0,0,1)
284:(1,2,0,0,1,0,0,0,0,2,1,1,0,2,1,1,0,0,0)
285:(1,2,0,0,1,0,0,0,0,2,2,0,1,0,1,0,1,0,0)
286:(1,2,0,0,1,0,0,0,0,2,2,0,1,1,1,0,0,0,1)
287:(1,2,0,0,1,0,0,0,0,2,2,0,1,1,1,0,1,0,0)
288:(1,2,0,0,1,0,0,0,0,2,2,0,1,2,1,0,0,0,1)
289:(1,2,0,0,1,0,0,0,0,2,2,0,1,2,1,0,1,0,0)
290:(1,2,0,0,1,0,0,0,0,2,2,1,0,0,1,0,1,0,0)
291:(1,2,0,0,1,0,0,0,0,2,2,1,0,1,1,0,0,0,1)
292:(1,2,0,0,1,0,0,0,0,2,2,1,0,1,1,0,1,0,0)
293:(1,2,0,0,1,0,0,0,0,2,2,1,0,2,1,0,0,0,1)
294:(1,2,0,0,1,0,0,0,0,2,2,1,0,2,1,0,1,0,0)
295:(1,2,0,1,0,0,0,0,0,0,1,1,0,0,1,1,0,0,0)
296:(1,2,0,1,0,0,0,0,0,0,2,1,0,0,1,0,1,0,0)
297:(1,2,0,1,0,0,0,0,0,1,1,0,1,0,1,1,0,0,0)
298:(1,2,0,1,0,0,0,0,0,1,1,0,1,1,1,0,0,1,0)
299:(1,2,0,1,0,0,0,0,0,1,1,0,1,2,1,0,0,1,0)
300:(1,2,0,1,0,0,0,0,0,1,2,0,1,0,1,0,1,0,0)
301:(1,2,0,1,0,0,0,0,0,1,2,0,1,1,1,0,0,1,0)
302:(1,2,0,1,0,0,0,0,0,1,2,0,1,2,1,0,0,1,0)
303:(1,2,0,1,0,0,0,0,0,2,1,0,1,0,1,1,0,0,0)
304:(1,2,0,1,0,0,0,0,0,2,1,0,1,1,1,0,0,0,1)
305:(1,2,0,1,0,0,0,0,0,2,1,0,1,2,1,0,0,0,1)
306:(1,2,0,1,0,0,0,0,0,2,2,0,1,0,1,0,1,0,0)
307:(1,2,0,1,0,0,0,0,0,2,2,0,1,1,1,0,0,0,1)
308:(1,2,0,1,0,0,0,0,0,2,2,0,1,2,1,0,0,0,1)
309:(1,3,0,0,0,0,0,1,0,0,1,1,0,0,2,1,0,0,0)
310:(1,3,0,0,0,0,0,1,0,0,2,1,0,0,2,0,1,0,0)
311:(1,3,0,0,0,0,0,1,0,1,1,0,1,0,2,1,0,0,0)
312:(1,3,0,0,0,0,0,1,0,1,1,0,1,1,2,0,0,1,0)
313:(1,3,0,0,0,0,0,1,0,1,1,0,1,1,2,1,0,0,0)
314:(1,3,0,0,0,0,0,1,0,1,1,0,1,2,2,0,0,1,0)
315:(1,3,0,0,0,0,0,1,0,1,1,0,1,2,2,1,0,0,0)
316:(1,3,0,0,0,0,0,1,0,1,1,1,0,0,2,1,0,0,0)
317:(1,3,0,0,0,0,0,1,0,1,1,1,0,1,2,0,0,1,0)
318:(1,3,0,0,0,0,0,1,0,1,1,1,0,1,2,1,0,0,0)
319:(1,3,0,0,0,0,0,1,0,1,1,1,0,2,2,0,0,1,0)
320:(1,3,0,0,0,0,0,1,0,1,1,1,0,2,2,1,0,0,0)
321:(1,3,0,0,0,0,0,1,0,1,2,0,1,0,2,0,1,0,0)
322:(1,3,0,0,0,0,0,1,0,1,2,0,1,1,2,0,0,1,0)
323:(1,3,0,0,0,0,0,1,0,1,2,0,1,1,2,0,1,0,0)
324:(1,3,0,0,0,0,0,1,0,1,2,0,1,2,2,0,0,1,0)
325:(1,3,0,0,0,0,0,1,0,1,2,0,1,2,2,0,1,0,0)
326:(1,3,0,0,0,0,0,1,0,1,2,1,0,0,2,0,1,0,0)
327:(1,3,0,0,0,0,0,1,0,1,2,1,0,1,2,0,0,1,0)
328:(1,3,0,0,0,0,0,1,0,1,2,1,0,1,2,0,1,0,0)
329:(1,3,0,0,0,0,0,1,0,1,2,1,0,2,2,0,0,1,0)
330:(1,3,0,0,0,0,0,1,0,1,2,1,0,2,2,0,1,0,0)
331:(1,3,0,0,0,0,0,1,0,2,1,0,1,0,2,1,0,0,0)
332:(1,3,0,0,0,0,0,1,0,2,1,0,1,1,2,0,0,0,1)
333:(1,3,0,0,0,0,0,1,0,2,1,0,1,1,2,1,0,0,0)
334:(1,3,0,0,0,0,0,1,0,2,1,0,1,2,2,0,0,0,1)
335:(1,3,0,0,0,0,0,1,0,2,1,0,1,2,2,1,0,0,0)
336:(1,3,0,0,0,0,0,1,0,2,1,1,0,0,2,1,0,0,0)
337:(1,3,0,0,0,0,0,1,0,2,1,1,0,1,2,0,0,0,1)
338:(1,3,0,0,0,0,0,1,0,2,1,1,0,1,2,1,0,0,0)
339:(1,3,0,0,0,0,0,1,0,2,1,1,0,2,2,0,0,0,1)
340:(1,3,0,0,0,0,0,1,0,2,1,1,0,2,2,1,0,0,0)
341:(1,3,0,0,0,0,0,1,0,2,2,0,1,0,2,0,1,0,0)
342:(1,3,0,0,0,0,0,1,0,2,2,0,1,1,2,0,0,0,1)
343:(1,3,0,0,0,0,0,1,0,2,2,0,1,1,2,0,1,0,0)
344:(1,3,0,0,0,0,0,1,0,2,2,0,1,2,2,0,0,0,1)
345:(1,3,0,0,0,0,0,1,0,2,2,0,1,2,2,0,1,0,0)
346:(1,3,0,0,0,0,0,1,0,2,2,1,0,0,2,0,1,0,0)
347:(1,3,0,0,0,0,0,1,0,2,2,1,0,1,2,0,0,0,1)
348:(1,3,0,0,0,0,0,1,0,2,2,1,0,1,2,0,1,0,0)
349:(1,3,0,0,0,0,0,1,0,2,2,1,0,2,2,0,0,0,1)
350:(1,3,0,0,0,0,0,1,0,2,2,1,0,2,2,0,1,0,0)
351:(1,3,0,1,0,0,0,0,0,0,1,1,0,0,2,1,0,0,0)
352:(1,3,0,1,0,0,0,0,0,0,2,1,0,0,2,0,1,0,0)
353:(1,3,0,1,0,0,0,0,0,1,1,0,1,0,2,1,0,0,0)
354:(1,3,0,1,0,0,0,0,0,1,1,0,1,1,2,0,0,1,0)
355:(1,3,0,1,0,0,0,0,0,1,1,0,1,2,2,0,0,1,0)
356:(1,3,0,1,0,0,0,0,0,1,2,0,1,0,2,0,1,0,0)
357:(1,3,0,1,0,0,0,0,0,1,2,0,1,1,2,0,0,1,0)
358:(1,3,0,1,0,0,0,0,0,1,2,0,1,2,2,0,0,1,0)
359:(1,3,0,1,0,0,0,0,0,2,1,0,1,0,2,1,0,0,0)
360:(1,3,0,1,0,0,0,0,0,2,1,0,1,1,2,0,0,0,1)
361:(1,3,0,1,0,0,0,0,0,2,1,0,1,2,2,0,0,0,1)
362:(1,3,0,1,0,0,0,0,0,2,2,0,1,0,2,0,1,0,0)
363:(1,3,0,1,0,0,0,0,0,2,2,0,1,1,2,0,0,0,1)
364:(1,3,0,1,0,0,0,0,0,2,2,0,1,2,2,0,0,0,1)
365:(2,0,0,0,0,1,0,0,0,1,0,0,1,1,0,0,0,1,0)
366:(2,0,0,0,0,1,0,0,0,2,0,0,1,1,0,0,0,0,1)
367:(2,1,0,0,0,0,0,0,1,1,0,0,1,1,0,0,0,1,0)
368:(2,1,0,0,0,0,0,0,1,1,1,1,0,1,0,0,0,1,0)
369:(2,1,0,0,0,0,0,0,1,1,1,1,0,1,1,1,0,0,0)
370:(2,1,0,0,0,0,0,0,1,1,1,1,0,1,2,1,0,0,0)
371:(2,1,0,0,0,0,0,0,1,1,2,1,0,1,0,0,0,1,0)
372:(2,1,0,0,0,0,0,0,1,1,2,1,0,1,1,0,1,0,0)
373:(2,1,0,0,0,0,0,0,1,1,2,1,0,1,2,0,1,0,0)
374:(2,1,0,0,0,0,0,0,1,2,0,0,1,1,0,0,0,0,1)
375:(2,1,0,0,0,0,0,0,1,2,1,1,0,1,0,0,0,0,1)
376:(2,1,0,0,0,0,0,0,1,2,1,1,0,1,1,1,0,0,0)
377:(2,1,0,0,0,0,0,0,1,2,1,1,0,1,2,1,0,0,0)
378:(2,1,0,0,0,0,0,0,1,2,2,1,0,1,0,0,0,0,1)
379:(2,1,0,0,0,0,0,0,1,2,2,1,0,1,1,0,1,0,0)
380:(2,1,0,0,0,0,0,0,1,2,2,1,0,1,2,0,1,0,0)
381:(2,1,0,0,0,1,0,0,0,1,0,0,1,1,0,0,0,1,0)
382:(2,1,0,0,0,1,0,0,0,1,1,0,1,1,0,0,0,1,0)
383:(2,1,0,0,0,1,0,0,0,1,1,0,1,1,1,0,0,1,0)
384:(2,1,0,0,0,1,0,0,0,1,1,0,1,1,1,1,0,0,0)
385:(2,1,0,0,0,1,0,0,0,1,1,0,1,1,2,0,0,1,0)
386:(2,1,0,0,0,1,0,0,0,1,1,0,1,1,2,1,0,0,0)
387:(2,1,0,0,0,1,0,0,0,1,1,1,0,1,0,0,0,1,0)
388:(2,1,0,0,0,1,0,0,0,1,1,1,0,1,1,0,0,1,0)
389:(2,1,0,0,0,1,0,0,0,1,1,1,0,1,1,1,0,0,0)
390:(2,1,0,0,0,1,0,0,0,1,1,1,0,1,2,0,0,1,0)
391:(2,1,0,0,0,1,0,0,0,1,1,1,0,1,2,1,0,0,0)
392:(2,1,0,0,0,1,0,0,0,1,2,0,1,1,0,0,0,1,0)
393:(2,1,0,0,0,1,0,0,0,1,2,0,1,1,1,0,0,1,0)
394:(2,1,0,0,0,1,0,0,0,1,2,0,1,1,1,0,1,0,0)
395:(2,1,0,0,0,1,0,0,0,1,2,0,1,1,2,0,0,1,0)
396:(2,1,0,0,0,1,0,0,0,1,2,0,1,1,2,0,1,0,0)
397:(2,1,0,0,0,1,0,0,0,1,2,1,0,1,0,0,0,1,0)
398:(2,1,0,0,0,1,0,0,0,1,2,1,0,1,1,0,0,1,0)
399:(2,1,0,0,0,1,0,0,0,1,2,1,0,1,1,0,1,0,0)
400:(2,1,0,0,0,1,0,0,0,1,2,1,0,1,2,0,0,1,0)
401:(2,1,0,0,0,1,0,0,0,1,2,1,0,1,2,0,1,0,0)
402:(2,1,0,0,0,1,0,0,0,2,0,0,1,1,0,0,0,0,1)
403:(2,1,0,0,0,1,0,0,0,2,1,0,1,1,0,0,0,0,1)
404:(2,1,0,0,0,1,0,0,0,2,1,0,1,1,1,0,0,0,1)
405:(2,1,0,0,0,1,0,0,0,2,1,0,1,1,1,1,0,0,0)
406:(2,1,0,0,0,1,0,0,0,2,1,0,1,1,2,0,0,0,1)
407:(2,1,0,0,0,1,0,0,0,2,1,0,1,1,2,1,0,0,0)
408:(2,1,0,0,0,1,0,0,0,2,1,1,0,1,0,0,0,0,1)
409:(2,1,0,0,0,1,0,0,0,2,1,1,0,1,1,0,0,0,1)
410:(2,1,0,0,0,1,0,0,0,2,1,1,0,1,1,1,0,0,0)
411:(2,1,0,0,0,1,0,0,0,2,1,1,0,1,2,0,0,0,1)
412:(2,1,0,0,0,1,0,0,0,2,1,1,0,1,2,1,0,0,0)
413:(2,1,0,0,0,1,0,0,0,2,2,0,1,1,0,0,0,0,1)
414:(2,1,0,0,0,1,0,0,0,2,2,0,1,1,1,0,0,0,1)
415:(2,1,0,0,0,1,0,0,0,2,2,0,1,1,1,0,1,0,0)
416:(2,1,0,0,0,1,0,0,0,2,2,0,1,1,2,0,0,0,1)
417:(2,1,0,0,0,1,0,0,0,2,2,0,1,1,2,0,1,0,0)
418:(2,1,0,0,0,1,0,0,0,2,2,1,0,1,0,0,0,0,1)
419:(2,1,0,0,0,1,0,0,0,2,2,1,0,1,1,0,0,0,1)
420:(2,1,0,0,0,1,0,0,0,2,2,1,0,1,1,0,1,0,0)
421:(2,1,0,0,0,1,0,0,0,2,2,1,0,1,2,0,0,0,1)
422:(2,1,0,0,0,1,0,0,0,2,2,1,0,1,2,0,1,0,0)
423:(2,2,0,0,0,1,0,0,0,1,1,0,1,1,1,0,0,1,0)
424:(2,2,0,0,0,1,0,0,0,1,1,0,1,1,1,1,0,0,0)
425:(2,2,0,0,0,1,0,0,0,1,1,1,0,1,1,0,0,1,0)
426:(2,2,0,0,0,1,0,0,0,1,1,1,0,1,1,1,0,0,0)
427:(2,2,0,0,0,1,0,0,0,1,2,0,1,1,1,0,0,1,0)
428:(2,2,0,0,0,1,0,0,0,1,2,0,1,1,1,0,1,0,0)
429:(2,2,0,0,0,1,0,0,0,1,2,1,0,1,1,0,0,1,0)
430:(2,2,0,0,0,1,0,0,0,1,2,1,0,1,1,0,1,0,0)
431:(2,2,0,0,0,1,0,0,0,2,1,0,1,1,1,0,0,0,1)
432:(2,2,0,0,0,1,0,0,0,2,1,0,1,1,1,1,0,0,0)
433:(2,2,0,0,0,1,0,0,0,2,1,1,0,1,1,0,0,0,1)
434:(2,2,0,0,0,1,0,0,0,2,1,1,0,1,1,1,0,0,0)
435:(2,2,0,0,0,1,0,0,0,2,2,0,1,1,1,0,0,0,1)
436:(2,2,0,0,0,1,0,0,0,2,2,0,1,1,1,0,1,0,0)
437:(2,2,0,0,0,1,0,0,0,2,2,1,0,1,1,0,0,0,1)
438:(2,2,0,0,0,1,0,0,0,2,2,1,0,1,1,0,1,0,0)
439:(2,2,0,0,1,0,0,0,0,1,1,0,1,1,1,0,0,1,0)
440:(2,2,0,0,1,0,0,0,0,1,1,0,1,1,1,1,0,0,0)
441:(2,2,0,0,1,0,0,0,0,1,1,1,0,1,1,0,0,1,0)
442:(2,2,0,0,1,0,0,0,0,1,1,1,0,1,1,1,0,0,0)
443:(2,2,0,0,1,0,0,0,0,1,2,0,1,1,1,0,0,1,0)
444:(2,2,0,0,1,0,0,0,0,1,2,0,1,1,1,0,1,0,0)
445:(2,2,0,0,1,0,0,0,0,1,2,1,0,1,1,0,0,1,0)
446:(2,2,0,0,1,0,0,0,0,1,2,1,0,1,1,0,1,0,0)
447:(2,2,0,0,1,0,0,0,0,2,1,0,1,1,1,0,0,0,1)
448:(2,2,0,0,1,0,0,0,0,2,1,0,1,1,1,1,0,0,0)
449:(2,2,0,0,1,0,0,0,0,2,1,1,0,1,1,0,0,0,1)
450:(2,2,0,0,1,0,0,0,0,2,1,1,0,1,1,1,0,0,0)
451:(2,2,0,0,1,0,0,0,0,2,2,0,1,1,1,0,0,0,1)
452:(2,2,0,0,1,0,0,0,0,2,2,0,1,1,1,0,1,0,0)
453:(2,2,0,0,1,0,0,0,0,2,2,1,0,1,1,0,0,0,1)
454:(2,2,0,0,1,0,0,0,0,2,2,1,0,1,1,0,1,0,0)
455:(2,3,0,0,0,0,0,1,0,1,1,0,1,1,2,0,0,1,0)
456:(2,3,0,0,0,0,0,1,0,1,1,0,1,1,2,1,0,0,0)
457:(2,3,0,0,0,0,0,1,0,1,1,1,0,1,2,0,0,1,0)
458:(2,3,0,0,0,0,0,1,0,1,1,1,0,1,2,1,0,0,0)
459:(2,3,0,0,0,0,0,1,0,1,2,0,1,1,2,0,0,1,0)
460:(2,3,0,0,0,0,0,1,0,1,2,0,1,1,2,0,1,0,0)
461:(2,3,0,0,0,0,0,1,0,1,2,1,0,1,2,0,0,1,0)
462:(2,3,0,0,0,0,0,1,0,1,2,1,0,1,2,0,1,0,0)
463:(2,3,0,0,0,0,0,1,0,2,1,0,1,1,2,0,0,0,1)
464:(2,3,0,0,0,0,0,1,0,2,1,0,1,1,2,1,0,0,0)
465:(2,3,0,0,0,0,0,1,0,2,1,1,0,1,2,0,0,0,1)
466:(2,3,0,0,0,0,0,1,0,2,1,1,0,1,2,1,0,0,0)
467:(2,3,0,0,0,0,0,1,0,2,2,0,1,1,2,0,0,0,1)
468:(2,3,0,0,0,0,0,1,0,2,2,0,1,1,2,0,1,0,0)
469:(2,3,0,0,0,0,0,1,0,2,2,1,0,1,2,0,0,0,1)
470:(2,3,0,0,0,0,0,1,0,2,2,1,0,1,2,0,1,0,0)
471:(2,3,0,0,0,1,0,0,0,1,1,0,1,1,2,0,0,1,0)
472:(2,3,0,0,0,1,0,0,0,1,1,0,1,1,2,1,0,0,0)
473:(2,3,0,0,0,1,0,0,0,1,1,1,0,1,2,0,0,1,0)
474:(2,3,0,0,0,1,0,0,0,1,1,1,0,1,2,1,0,0,0)
475:(2,3,0,0,0,1,0,0,0,1,2,0,1,1,2,0,0,1,0)
476:(2,3,0,0,0,1,0,0,0,1,2,0,1,1,2,0,1,0,0)
477:(2,3,0,0,0,1,0,0,0,1,2,1,0,1,2,0,0,1,0)
478:(2,3,0,0,0,1,0,0,0,1,2,1,0,1,2,0,1,0,0)
479:(2,3,0,0,0,1,0,0,0,2,1,0,1,1,2,0,0,0,1)
480:(2,3,0,0,0,1,0,0,0,2,1,0,1,1,2,1,0,0,0)
481:(2,3,0,0,0,1,0,0,0,2,1,1,0,1,2,0,0,0,1)
482:(2,3,0,0,0,1,0,0,0,2,1,1,0,1,2,1,0,0,0)
483:(2,3,0,0,0,1,0,0,0,2,2,0,1,1,2,0,0,0,1)
484:(2,3,0,0,0,1,0,0,0,2,2,0,1,1,2,0,1,0,0)
485:(2,3,0,0,0,1,0,0,0,2,2,1,0,1,2,0,0,0,1)
486:(2,3,0,0,0,1,0,0,0,2,2,1,0,1,2,0,1,0,0)
487:(3,0,1,0,0,0,0,0,0,1,0,0,1,2,0,0,0,1,0)
488:(3,0,1,0,0,0,0,0,0,2,0,0,1,2,0,0,0,0,1)
489:(3,1,0,0,0,0,0,0,1,1,0,0,1,2,0,0,0,1,0)
490:(3,1,0,0,0,0,0,0,1,1,1,1,0,2,0,0,0,1,0)
491:(3,1,0,0,0,0,0,0,1,1,1,1,0,2,1,1,0,0,0)
492:(3,1,0,0,0,0,0,0,1,1,1,1,0,2,2,1,0,0,0)
493:(3,1,0,0,0,0,0,0,1,1,2,1,0,2,0,0,0,1,0)
494:(3,1,0,0,0,0,0,0,1,1,2,1,0,2,1,0,1,0,0)
495:(3,1,0,0,0,0,0,0,1,1,2,1,0,2,2,0,1,0,0)
496:(3,1,0,0,0,0,0,0,1,2,0,0,1,2,0,0,0,0,1)
497:(3,1,0,0,0,0,0,0,1,2,1,1,0,2,0,0,0,0,1)
498:(3,1,0,0,0,0,0,0,1,2,1,1,0,2,1,1,0,0,0)
499:(3,1,0,0,0,0,0,0,1,2,1,1,0,2,2,1,0,0,0)
500:(3,1,0,0,0,0,0,0,1,2,2,1,0,2,0,0,0,0,1)
501:(3,1,0,0,0,0,0,0,1,2,2,1,0,2,1,0,1,0,0)
502:(3,1,0,0,0,0,0,0,1,2,2,1,0,2,2,0,1,0,0)
503:(3,1,1,0,0,0,0,0,0,1,0,0,1,2,0,0,0,1,0)
504:(3,1,1,0,0,0,0,0,0,1,1,0,1,2,0,0,0,1,0)
505:(3,1,1,0,0,0,0,0,0,1,1,0,1,2,1,0,0,1,0)
506:(3,1,1,0,0,0,0,0,0,1,1,0,1,2,1,1,0,0,0)
507:(3,1,1,0,0,0,0,0,0,1,1,0,1,2,2,0,0,1,0)
508:(3,1,1,0,0,0,0,0,0,1,1,0,1,2,2,1,0,0,0)
509:(3,1,1,0,0,0,0,0,0,1,1,1,0,2,0,0,0,1,0)
510:(3,1,1,0,0,0,0,0,0,1,1,1,0,2,1,0,0,1,0)
511:(3,1,1,0,0,0,0,0,0,1,1,1,0,2,1,1,0,0,0)
512:(3,1,1,0,0,0,0,0,0,1,1,1,0,2,2,0,0,1,0)
513:(3,1,1,0,0,0,0,0,0,1,1,1,0,2,2,1,0,0,0)
514:(3,1,1,0,0,0,0,0,0,1,2,0,1,2,0,0,0,1,0)
515:(3,1,1,0,0,0,0,0,0,1,2,0,1,2,1,0,0,1,0)
516:(3,1,1,0,0,0,0,0,0,1,2,0,1,2,1,0,1,0,0)
517:(3,1,1,0,0,0,0,0,0,1,2,0,1,2,2,0,0,1,0)
518:(3,1,1,0,0,0,0,0,0,1,2,0,1,2,2,0,1,0,0)
519:(3,1,1,0,0,0,0,0,0,1,2,1,0,2,0,0,0,1,0)
520:(3,1,1,0,0,0,0,0,0,1,2,1,0,2,1,0,0,1,0)
521:(3,1,1,0,0,0,0,0,0,1,2,1,0,2,1,0,1,0,0)
522:(3,1,1,0,0,0,0,0,0,1,2,1,0,2,2,0,0,1,0)
523:(3,1,1,0,0,0,0,0,0,1,2,1,0,2,2,0,1,0,0)
524:(3,1,1,0,0,0,0,0,0,2,0,0,1,2,0,0,0,0,1)
525:(3,1,1,0,0,0,0,0,0,2,1,0,1,2,0,0,0,0,1)
526:(3,1,1,0,0,0,0,0,0,2,1,0,1,2,1,0,0,0,1)
527:(3,1,1,0,0,0,0,0,0,2,1,0,1,2,1,1,0,0,0)
528:(3,1,1,0,0,0,0,0,0,2,1,0,1,2,2,0,0,0,1)
529:(3,1,1,0,0,0,0,0,0,2,1,0,1,2,2,1,0,0,0)
530:(3,1,1,0,0,0,0,0,0,2,1,1,0,2,0,0,0,0,1)
531:(3,1,1,0,0,0,0,0,0,2,1,1,0,2,1,0,0,0,1)
532:(3,1,1,0,0,0,0,0,0,2,1,1,0,2,1,1,0,0,0)
533:(3,1,1,0,0,0,0,0,0,2,1,1,0,2,2,0,0,0,1)
534:(3,1,1,0,0,0,0,0,0,2,1,1,0,2,2,1,0,0,0)
535:(3,1,1,0,0,0,0,0,0,2,2,0,1,2,0,0,0,0,1)
536:(3,1,1,0,0,0,0,0,0,2,2,0,1,2,1,0,0,0,1)
537:(3,1,1,0,0,0,0,0,0,2,2,0,1,2,1,0,1,0,0)
538:(3,1,1,0,0,0,0,0,0,2,2,0,1,2,2,0,0,0,1)
539:(3,1,1,0,0,0,0,0,0,2,2,0,1,2,2,0,1,0,0)
540:(3,1,1,0,0,0,0,0,0,2,2,1,0,2,0,0,0,0,1)
541:(3,1,1,0,0,0,0,0,0,2,2,1,0,2,1,0,0,0,1)
542:(3,1,1,0,0,0,0,0,0,2,2,1,0,2,1,0,1,0,0)
543:(3,1,1,0,0,0,0,0,0,2,2,1,0,2,2,0,0,0,1)
544:(3,1,1,0,0,0,0,0,0,2,2,1,0,2,2,0,1,0,0)
545:(3,2,0,0,1,0,0,0,0,1,1,0,1,2,1,0,0,1,0)
546:(3,2,0,0,1,0,0,0,0,1,1,0,1,2,1,1,0,0,0)
547:(3,2,0,0,1,0,0,0,0,1,1,1,0,2,1,0,0,1,0)
548:(3,2,0,0,1,0,0,0,0,1,1,1,0,2,1,1,0,0,0)
549:(3,2,0,0,1,0,0,0,0,1,2,0,1,2,1,0,0,1,0)
550:(3,2,0,0,1,0,0,0,0,1,2,0,1,2,1,0,1,0,0)
551:(3,2,0,0,1,0,0,0,0,1,2,1,0,2,1,0,0,1,0)
552:(3,2,0,0,1,0,0,0,0,1,2,1,0,2,1,0,1,0,0)
553:(3,2,0,0,1,0,0,0,0,2,1,0,1,2,1,0,0,0,1)
554:(3,2,0,0,1,0,0,0,0,2,1,0,1,2,1,1,0,0,0)
555:(3,2,0,0,1,0,0,0,0,2,1,1,0,2,1,0,0,0,1)
556:(3,2,0,0,1,0,0,0,0,2,1,1,0,2,1,1,0,0,0)
557:(3,2,0,0,1,0,0,0,0,2,2,0,1,2,1,0,0,0,1)
558:(3,2,0,0,1,0,0,0,0,2,2,0,1,2,1,0,1,0,0)
559:(3,2,0,0,1,0,0,0,0,2,2,1,0,2,1,0,0,0,1)
560:(3,2,0,0,1,0,0,0,0,2,2,1,0,2,1,0,1,0,0)
561:(3,2,1,0,0,0,0,0,0,1,1,0,1,2,1,0,0,1,0)
562:(3,2,1,0,0,0,0,0,0,1,1,0,1,2,1,1,0,0,0)
563:(3,2,1,0,0,0,0,0,0,1,1,1,0,2,1,0,0,1,0)
564:(3,2,1,0,0,0,0,0,0,1,1,1,0,2,1,1,0,0,0)
565:(3,2,1,0,0,0,0,0,0,1,2,0,1,2,1,0,0,1,0)
566:(3,2,1,0,0,0,0,0,0,1,2,0,1,2,1,0,1,0,0)
567:(3,2,1,0,0,0,0,0,0,1,2,1,0,2,1,0,0,1,0)
568:(3,2,1,0,0,0,0,0,0,1,2,1,0,2,1,0,1,0,0)
569:(3,2,1,0,0,0,0,0,0,2,1,0,1,2,1,0,0,0,1)
570:(3,2,1,0,0,0,0,0,0,2,1,0,1,2,1,1,0,0,0)
571:(3,2,1,0,0,0,0,0,0,2,1,1,0,2,1,0,0,0,1)
572:(3,2,1,0,0,0,0,0,0,2,1,1,0,2,1,1,0,0,0)
573:(3,2,1,0,0,0,0,0,0,2,2,0,1,2,1,0,0,0,1)
574:(3,2,1,0,0,0,0,0,0,2,2,0,1,2,1,0,1,0,0)
575:(3,2,1,0,0,0,0,0,0,2,2,1,0,2,1,0,0,0,1)
576:(3,2,1,0,0,0,0,0,0,2,2,1,0,2,1,0,1,0,0)
577:(3,3,0,0,0,0,0,1,0,1,1,0,1,2,2,0,0,1,0)
578:(3,3,0,0,0,0,0,1,0,1,1,0,1,2,2,1,0,0,0)
579:(3,3,0,0,0,0,0,1,0,1,1,1,0,2,2,0,0,1,0)
580:(3,3,0,0,0,0,0,1,0,1,1,1,0,2,2,1,0,0,0)
581:(3,3,0,0,0,0,0,1,0,1,2,0,1,2,2,0,0,1,0)
582:(3,3,0,0,0,0,0,1,0,1,2,0,1,2,2,0,1,0,0)
583:(3,3,0,0,0,0,0,1,0,1,2,1,0,2,2,0,0,1,0)
584:(3,3,0,0,0,0,0,1,0,1,2,1,0,2,2,0,1,0,0)
585:(3,3,0,0,0,0,0,1,0,2,1,0,1,2,2,0,0,0,1)
586:(3,3,0,0,0,0,0,1,0,2,1,0,1,2,2,1,0,0,0)
587:(3,3,0,0,0,0,0,1,0,2,1,1,0,2,2,0,0,0,1)
588:(3,3,0,0,0,0,0,1,0,2,1,1,0,2,2,1,0,0,0)
589:(3,3,0,0,0,0,0,1,0,2,2,0,1,2,2,0,0,0,1)
590:(3,3,0,0,0,0,0,1,0,2,2,0,1,2,2,0,1,0,0)
591:(3,3,0,0,0,0,0,1,0,2,2,1,0,2,2,0,0,0,1)
592:(3,3,0,0,0,0,0,1,0,2,2,1,0,2,2,0,1,0,0)
593:(3,3,1,0,0,0,0,0,0,1,1,0,1,2,2,0,0,1,0)
594:(3,3,1,0,0,0,0,0,0,1,1,0,1,2,2,1,0,0,0)
595:(3,3,1,0,0,0,0,0,0,1,1,1,0,2,2,0,0,1,0)
596:(3,3,1,0,0,0,0,0,0,1,1,1,0,2,2,1,0,0,0)
597:(3,3,1,0,0,0,0,0,0,1,2,0,1,2,2,0,0,1,0)
598:(3,3,1,0,0,0,0,0,0,1,2,0,1,2,2,0,1,0,0)
599:(3,3,1,0,0,0,0,0,0,1,2,1,0,2,2,0,0,1,0)
600:(3,3,1,0,0,0,0,0,0,1,2,1,0,2,2,0,1,0,0)
601:(3,3,1,0,0,0,0,0,0,2,1,0,1,2,2,0,0,0,1)
602:(3,3,1,0,0,0,0,0,0,2,1,0,1,2,2,1,0,0,0)
603:(3,3,1,0,0,0,0,0,0,2,1,1,0,2,2,0,0,0,1)
604:(3,3,1,0,0,0,0,0,0,2,1,1,0,2,2,1,0,0,0)
605:(3,3,1,0,0,0,0,0,0,2,2,0,1,2,2,0,0,0,1)
606:(3,3,1,0,0,0,0,0,0,2,2,0,1,2,2,0,1,0,0)
607:(3,3,1,0,0,0,0,0,0,2,2,1,0,2,2,0,0,0,1)
608:(3,3,1,0,0,0,0,0,0,2,2,1,0,2,2,0,1,0,0)
