(status_product_1,status_product_2,choose_between_product1_and_product2,update_failure_product_1,choose_product1,update_success_product_1,choose_product2,update_failure_product_2,update_success_product_2,plan_product_1,plan_product_2,choose_plan_product_1,choose_plan_product_2,action_effect_product_1,action_effect_product_2,action_product_2_cheap_bag,action_product_1_expensive_bag,action_product_2_expensive_bag,action_product_1_cheap_bag)
0:(0,0,0,0,0,0,0,0,0,0,0,0,0,0,0,0,0,0,0)
1:(0,1,1,0,0,0,0,0,0,0,0,0,0,0,0,0,0,0,0)
2:(0,1,1,0,0,0,0,0,0,0,1,0,1,0,0,0,0,0,0)
3:(0,1,1,0,0,0,0,0,0,0,1,0,1,0,1,1,0,0,0)
4:(0,1,1,0,0,0,0,0,0,0,1,0,1,0,2,1,0,0,0)
5:(0,1,1,0,0,0,0,0,0,0,2,0,1,0,0,0,0,0,0)
6:(0,1,1,0,0,0,0,0,0,0,2,0,1,0,1,0,0,1,0)
7:(0,1,1,0,0,0,0,0,0,0,2,0,1,0,2,0,0,1,0)
8:(0,2,0,0,0,0,0,0,1,0,1,0,1,0,1,1,0,0,0)
9:(0,2,0,0,0,0,0,0,1,0,2,0,1,0,1,0,0,1,0)
10:(0,3,0,0,0,0,0,1,0,0,1,0,1,0,2,1,0,0,0)
11:(0,3,0,0,0,0,0,1,0,0,2,0,1,0,2,0,0,1,0)
12:(1,0,1,0,0,0,0,0,0,0,0,0,0,0,0,0,0,0,0)
13:(1,0,1,0,0,0,0,0,0,1,0,1,0,0,0,0,0,0,0)
14:(1,0,1,0,0,0,0,0,0,1,0,1,0,1,0,0,0,0,1)
15:(1,0,1,0,0,0,0,0,0,1,0,1,0,2,0,0,0,0,1)
16:(1,0,1,0,0,0,0,0,0,2,0,1,0,0,0,0,0,0,0)
17:(1,0,1,0,0,0,0,0,0,2,0,1,0,1,0,0,1,0,0)
18:(1,0,1,0,0,0,0,0,0,2,0,1,0,2,0,0,1,0,0)
19:(1,1,0,0,0,0,1,0,0,0,0,0,0,0,0,0,0,0,0)
20:(1,1,0,0,0,0,1,0,0,0,1,0,1,0,0,0,0,0,0)
21:(1,1,0,0,0,0,1,0,0,0,1,0,1,0,1,1,0,0,0)
22:(1,1,0,0,0,0,1,0,0,0,1,0,1,0,2,1,0,0,0)
23:(1,1,0,0,0,0,1,0,0,0,2,0,1,0,0,0,0,0,0)
24:(1,1,0,0,0,0,1,0,0,0,2,0,1,0,1,0,0,1,0)
25:(1,1,0,0,0,0,1,0,0,0,2,0,1,0,2,0,0,1,0)
26:(1,1,0,0,0,0,1,0,0,1,0,1,0,0,0,0,0,0,0)
27:(1,1,0,0,0,0,1,0,0,1,0,1,0,1,0,0,0,0,1)
28:(1,1,0,0,0,0,1,0,0,1,0,1,0,2,0,0,0,0,1)
29:(1,1,0,0,0,0,1,0,0,1,1,0,1,0,0,0,0,0,0)
30:(1,1,0,0,0,0,1,0,0,1,1,0,1,0,1,1,0,0,0)
31:(1,1,0,0,0,0,1,0,0,1,1,0,1,0,2,1,0,0,0)
32:(1,1,0,0,0,0,1,0,0,1,1,0,1,1,0,0,0,0,1)
33:(1,1,0,0,0,0,1,0,0,1,1,0,1,1,1,0,0,0,1)
34:(1,1,0,0,0,0,1,0,0,1,1,0,1,1,1,1,0,0,0)
35:(1,1,0,0,0,0,1,0,0,1,1,0,1,1,2,0,0,0,1)
36:(1,1,0,0,0,0,1,0,0,1,1,0,1,1,2,1,0,0,0)
37:(1,1,0,0,0,0,1,0,0,1,1,0,1,2,0,0,0,0,1)
38:(1,1,0,0,0,0,1,0,0,1,1,0,1,2,1,0,0,0,1)
39:(1,1,0,0,0,0,1,0,0,1,1,0,1,2,1,1,0,0,0)
40:(1,1,0,0,0,0,1,0,0,1,1,0,1,2,2,0,0,0,1)
41:(1,1,0,0,0,0,1,0,0,1,1,0,1,2,2,1,0,0,0)
42:(1,1,0,0,0,0,1,0,0,1,1,1,0,0,0,0,0,0,0)
43:(1,1,0,0,0,0,1,0,0,1,1,1,0,0,1,1,0,0,0)
44:(1,1,0,0,0,0,1,0,0,1,1,1,0,0,2,1,0,0,0)
45:(1,1,0,0,0,0,1,0,0,1,1,1,0,1,0,0,0,0,1)
46:(1,1,0,0,0,0,1,0,0,1,1,1,0,1,1,0,0,0,1)
47:(1,1,0,0,0,0,1,0,0,1,1,1,0,1,1,1,0,0,0)
48:(1,1,0,0,0,0,1,0,0,1,1,1,0,1,2,0,0,0,1)
49:(1,1,0,0,0,0,1,0,0,1,1,1,0,1,2,1,0,0,0)
50:(1,1,0,0,0,0,1,0,0,1,1,1,0,2,0,0,0,0,1)
51:(1,1,0,0,0,0,1,0,0,1,1,1,0,2,1,0,0,0,1)
52:(1,1,0,0,0,0,1,0,0,1,1,1,0,2,1,1,0,0,0)
53:(1,1,0,0,0,0,1,0,0,1,1,1,0,2,2,0,0,0,1)
54:(1,1,0,0,0,0,1,0,0,1,1,1,0,2,2,1,0,0,0)
55:(1,1,0,0,0,0,1,0,0,1,2,0,1,0,0,0,0,0,0)
56:(1,1,0,0,0,0,1,0,0,1,2,0,1,0,1,0,0,1,0)
57:(1,1,0,0,0,0,1,0,0,1,2,0,1,0,2,0,0,1,0)
58:(1,1,0,0,0,0,1,0,0,1,2,0,1,1,0,0,0,0,1)
59:(1,1,0,0,0,0,1,0,0,1,2,0,1,1,1,0,0,0,1)
60:(1,1,0,0,0,0,1,0,0,1,2,0,1,1,1,0,0,1,0)
61:(1,1,0,0,0,0,1,0,0,1,2,0,1,1,2,0,0,0,1)
62:(1,1,0,0,0,0,1,0,0,1,2,0,1,1,2,0,0,1,0)
63:(1,1,0,0,0,0,1,0,0,1,2,0,1,2,0,0,0,0,1)
64:(1,1,0,0,0,0,1,0,0,1,2,0,1,2,1,0,0,0,1)
65:(1,1,0,0,0,0,1,0,0,1,2,0,1,2,1,0,0,1,0)
66:(1,1,0,0,0,0,1,0,0,1,2,0,1,2,2,0,0,0,1)
67:(1,1,0,0,0,0,1,0,0,1,2,0,1,2,2,0,0,1,0)
68:(1,1,0,0,0,0,1,0,0,1,2,1,0,0,0,0,0,0,0)
69:(1,1,0,0,0,0,1,0,0,1,2,1,0,0,1,0,0,1,0)
70:(1,1,0,0,0,0,1,0,0,1,2,1,0,0,2,0,0,1,0)
71:(1,1,0,0,0,0,1,0,0,1,2,1,0,1,0,0,0,0,1)
72:(1,1,0,0,0,0,1,0,0,1,2,1,0,1,1,0,0,0,1)
73:(1,1,0,0,0,0,1,0,0,1,2,1,0,1,1,0,0,1,0)
74:(1,1,0,0,0,0,1,0,0,1,2,1,0,1,2,0,0,0,1)
75:(1,1,0,0,0,0,1,0,0,1,2,1,0,1,2,0,0,1,0)
76:(1,1,0,0,0,0,1,0,0,1,2,1,0,2,0,0,0,0,1)
77:(1,1,0,0,0,0,1,0,0,1,2,1,0,2,1,0,0,0,1)
78:(1,1,0,0,0,0,1,0,0,1,2,1,0,2,1,0,0,1,0)
79:(1,1,0,0,0,0,1,0,0,1,2,1,0,2,2,0,0,0,1)
80:(1,1,0,0,0,0,1,0,0,1,2,1,0,2,2,0,0,1,0)
81:(1,1,0,0,0,0,1,0,0,2,0,1,0,0,0,0,0,0,0)
82:(1,1,0,0,0,0,1,0,0,2,0,1,0,1,0,0,1,0,0)
83:(1,1,0,0,0,0,1,0,0,2,0,1,0,2,0,0,1,0,0)
84:(1,1,0,0,0,0,1,0,0,2,1,0,1,0,0,0,0,0,0)
85:(1,1,0,0,0,0,1,0,0,2,1,0,1,0,1,1,0,0,0)
86:(1,1,0,0,0,0,1,0,0,2,1,0,1,0,2,1,0,0,0)
87:(1,1,0,0,0,0,1,0,0,2,1,0,1,1,0,0,1,0,0)
88:(1,1,0,0,0,0,1,0,0,2,1,0,1,1,1,0,1,0,0)
89:(1,1,0,0,0,0,1,0,0,2,1,0,1,1,1,1,0,0,0)
90:(1,1,0,0,0,0,1,0,0,2,1,0,1,1,2,0,1,0,0)
91:(1,1,0,0,0,0,1,0,0,2,1,0,1,1,2,1,0,0,0)
92:(1,1,0,0,0,0,1,0,0,2,1,0,1,2,0,0,1,0,0)
93:(1,1,0,0,0,0,1,0,0,2,1,0,1,2,1,0,1,0,0)
94:(1,1,0,0,0,0,1,0,0,2,1,0,1,2,1,1,0,0,0)
95:(1,1,0,0,0,0,1,0,0,2,1,0,1,2,2,0,1,0,0)
96:(1,1,0,0,0,0,1,0,0,2,1,0,1,2,2,1,0,0,0)
97:(1,1,0,0,0,0,1,0,0,2,1,1,0,0,0,0,0,0,0)
98:(1,1,0,0,0,0,1,0,0,2,1,1,0,0,1,1,0,0,0)
99:(1,1,0,0,0,0,1,0,0,2,1,1,0,0,2,1,0,0,0)
100:(1,1,0,0,0,0,1,0,0,2,1,1,0,1,0,0,1,0,0)
101:(1,1,0,0,0,0,1,0,0,2,1,1,0,1,1,0,1,0,0)
102:(1,1,0,0,0,0,1,0,0,2,1,1,0,1,1,1,0,0,0)
103:(1,1,0,0,0,0,1,0,0,2,1,1,0,1,2,0,1,0,0)
104:(1,1,0,0,0,0,1,0,0,2,1,1,0,1,2,1,0,0,0)
105:(1,1,0,0,0,0,1,0,0,2,1,1,0,2,0,0,1,0,0)
106:(1,1,0,0,0,0,1,0,0,2,1,1,0,2,1,0,1,0,0)
107:(1,1,0,0,0,0,1,0,0,2,1,1,0,2,1,1,0,0,0)
108:(1,1,0,0,0,0,1,0,0,2,1,1,0,2,2,0,1,0,0)
109:(1,1,0,0,0,0,1,0,0,2,1,1,0,2,2,1,0,0,0)
110:(1,1,0,0,0,0,1,0,0,2,2,0,1,0,0,0,0,0,0)
111:(1,1,0,0,0,0,1,0,0,2,2,0,1,0,1,0,0,1,0)
112:(1,1,0,0,0,0,1,0,0,2,2,0,1,0,2,0,0,1,0)
113:(1,1,0,0,0,0,1,0,0,2,2,0,1,1,0,0,1,0,0)
114:(1,1,0,0,0,0,1,0,0,2,2,0,1,1,1,0,0,1,0)
115:(1,1,0,0,0,0,1,0,0,2,2,0,1,1,1,0,1,0,0)
116:(1,1,0,0,0,0,1,0,0,2,2,0,1,1,2,0,0,1,0)
117:(1,1,0,0,0,0,1,0,0,2,2,0,1,1,2,0,1,0,0)
118:(1,1,0,0,0,0,1,0,0,2,2,0,1,2,0,0,1,0,0)
119:(1,1,0,0,0,0,1,0,0,2,2,0,1,2,1,0,0,1,0)
120:(1,1,0,0,0,0,1,0,0,2,2,0,1,2,1,0,1,0,0)
121:(1,1,0,0,0,0,1,0,0,2,2,0,1,2,2,0,0,1,0)
122:(1,1,0,0,0,0,1,0,0,2,2,0,1,2,2,0,1,0,0)
123:(1,1,0,0,0,0,1,0,0,2,2,1,0,0,0,0,0,0,0)
124:(1,1,0,0,0,0,1,0,0,2,2,1,0,0,1,0,0,1,0)
125:(1,1,0,0,0,0,1,0,0,2,2,1,0,0,2,0,0,1,0)
126:(1,1,0,0,0,0,1,0,0,2,2,1,0,1,0,0,1,0,0)
127:(1,1,0,0,0,0,1,0,0,2,2,1,0,1,1,0,0,1,0)
128:(1,1,0,0,0,0,1,0,0,2,2,1,0,1,1,0,1,0,0)
129:(1,1,0,0,0,0,1,0,0,2,2,1,0,1,2,0,0,1,0)
130:(1,1,0,0,0,0,1,0,0,2,2,1,0,1,2,0,1,0,0)
131:(1,1,0,0,0,0,1,0,0,2,2,1,0,2,0,0,1,0,0)
132:(1,1,0,0,0,0,1,0,0,2,2,1,0,2,1,0,0,1,0)
133:(1,1,0,0,0,0,1,0,0,2,2,1,0,2,1,0,1,0,0)
134:(1,1,0,0,0,0,1,0,0,2,2,1,0,2,2,0,0,1,0)
135:(1,1,0,0,0,0,1,0,0,2,2,1,0,2,2,0,1,0,0)
136:(1,1,0,0,1,0,0,0,0,0,0,0,0,0,0,0,0,0,0)
137:(1,1,0,0,1,0,0,0,0,0,1,0,1,0,0,0,0,0,0)
138:(1,1,0,0,1,0,0,0,0,0,1,0,1,0,1,1,0,0,0)
139:(1,1,0,0,1,0,0,0,0,0,1,0,1,0,2,1,0,0,0)
140:(1,1,0,0,1,0,0,0,0,0,2,0,1,0,0,0,0,0,0)
141:(1,1,0,0,1,0,0,0,0,0,2,0,1,0,1,0,0,1,0)
142:(1,1,0,0,1,0,0,0,0,0,2,0,1,0,2,0,0,1,0)
143:(1,1,0,0,1,0,0,0,0,1,0,1,0,0,0,0,0,0,0)
144:(1,1,0,0,1,0,0,0,0,1,0,1,0,1,0,0,0,0,1)
145:(1,1,0,0,1,0,0,0,0,1,0,1,0,2,0,0,0,0,1)
146:(1,1,0,0,1,0,0,0,0,1,1,0,1,0,0,0,0,0,0)
147:(1,1,0,0,1,0,0,0,0,1,1,0,1,0,1,1,0,0,0)
148:(1,1,0,0,1,0,0,0,0,1,1,0,1,0,2,1,0,0,0)
149:(1,1,0,0,1,0,0,0,0,1,1,0,1,1,0,0,0,0,1)
150:(1,1,0,0,1,0,0,0,0,1,1,0,1,1,1,0,0,0,1)
151:(1,1,0,0,1,0,0,0,0,1,1,0,1,1,1,1,0,0,0)
152:(1,1,0,0,1,0,0,0,0,1,1,0,1,1,2,0,0,0,1)
153:(1,1,0,0,1,0,0,0,0,1,1,0,1,1,2,1,0,0,0)
154:(1,1,0,0,1,0,0,0,0,1,1,0,1,2,0,0,0,0,1)
155:(1,1,0,0,1,0,0,0,0,1,1,0,1,2,1,0,0,0,1)
156:(1,1,0,0,1,0,0,0,0,1,1,0,1,2,1,1,0,0,0)
157:(1,1,0,0,1,0,0,0,0,1,1,0,1,2,2,0,0,0,1)
158:(1,1,0,0,1,0,0,0,0,1,1,0,1,2,2,1,0,0,0)
159:(1,1,0,0,1,0,0,0,0,1,1,1,0,0,0,0,0,0,0)
160:(1,1,0,0,1,0,0,0,0,1,1,1,0,0,1,1,0,0,0)
161:(1,1,0,0,1,0,0,0,0,1,1,1,0,0,2,1,0,0,0)
162:(1,1,0,0,1,0,0,0,0,1,1,1,0,1,0,0,0,0,1)
163:(1,1,0,0,1,0,0,0,0,1,1,1,0,1,1,0,0,0,1)
164:(1,1,0,0,1,0,0,0,0,1,1,1,0,1,1,1,0,0,0)
165:(1,1,0,0,1,0,0,0,0,1,1,1,0,1,2,0,0,0,1)
166:(1,1,0,0,1,0,0,0,0,1,1,1,0,1,2,1,0,0,0)
167:(1,1,0,0,1,0,0,0,0,1,1,1,0,2,0,0,0,0,1)
168:(1,1,0,0,1,0,0,0,0,1,1,1,0,2,1,0,0,0,1)
169:(1,1,0,0,1,0,0,0,0,1,1,1,0,2,1,1,0,0,0)
170:(1,1,0,0,1,0,0,0,0,1,1,1,0,2,2,0,0,0,1)
171:(1,1,0,0,1,0,0,0,0,1,1,1,0,2,2,1,0,0,0)
172:(1,1,0,0,1,0,0,0,0,1,2,0,1,0,0,0,0,0,0)
173:(1,1,0,0,1,0,0,0,0,1,2,0,1,0,1,0,0,1,0)
174:(1,1,0,0,1,0,0,0,0,1,2,0,1,0,2,0,0,1,0)
175:(1,1,0,0,1,0,0,0,0,1,2,0,1,1,0,0,0,0,1)
176:(1,1,0,0,1,0,0,0,0,1,2,0,1,1,1,0,0,0,1)
177:(1,1,0,0,1,0,0,0,0,1,2,0,1,1,1,0,0,1,0)
178:(1,1,0,0,1,0,0,0,0,1,2,0,1,1,2,0,0,0,1)
179:(1,1,0,0,1,0,0,0,0,1,2,0,1,1,2,0,0,1,0)
180:(1,1,0,0,1,0,0,0,0,1,2,0,1,2,0,0,0,0,1)
181:(1,1,0,0,1,0,0,0,0,1,2,0,1,2,1,0,0,0,1)
182:(1,1,0,0,1,0,0,0,0,1,2,0,1,2,1,0,0,1,0)
183:(1,1,0,0,1,0,0,0,0,1,2,0,1,2,2,0,0,0,1)
184:(1,1,0,0,1,0,0,0,0,1,2,0,1,2,2,0,0,1,0)
185:(1,1,0,0,1,0,0,0,0,1,2,1,0,0,0,0,0,0,0)
186:(1,1,0,0,1,0,0,0,0,1,2,1,0,0,1,0,0,1,0)
187:(1,1,0,0,1,0,0,0,0,1,2,1,0,0,2,0,0,1,0)
188:(1,1,0,0,1,0,0,0,0,1,2,1,0,1,0,0,0,0,1)
189:(1,1,0,0,1,0,0,0,0,1,2,1,0,1,1,0,0,0,1)
190:(1,1,0,0,1,0,0,0,0,1,2,1,0,1,1,0,0,1,0)
191:(1,1,0,0,1,0,0,0,0,1,2,1,0,1,2,0,0,0,1)
192:(1,1,0,0,1,0,0,0,0,1,2,1,0,1,2,0,0,1,0)
193:(1,1,0,0,1,0,0,0,0,1,2,1,0,2,0,0,0,0,1)
194:(1,1,0,0,1,0,0,0,0,1,2,1,0,2,1,0,0,0,1)
195:(1,1,0,0,1,0,0,0,0,1,2,1,0,2,1,0,0,1,0)
196:(1,1,0,0,1,0,0,0,0,1,2,1,0,2,2,0,0,0,1)
197:(1,1,0,0,1,0,0,0,0,1,2,1,0,2,2,0,0,1,0)
198:(1,1,0,0,1,0,0,0,0,2,0,1,0,0,0,0,0,0,0)
199:(1,1,0,0,1,0,0,0,0,2,0,1,0,1,0,0,1,0,0)
200:(1,1,0,0,1,0,0,0,0,2,0,1,0,2,0,0,1,0,0)
201:(1,1,0,0,1,0,0,0,0,2,1,0,1,0,0,0,0,0,0)
202:(1,1,0,0,1,0,0,0,0,2,1,0,1,0,1,1,0,0,0)
203:(1,1,0,0,1,0,0,0,0,2,1,0,1,0,2,1,0,0,0)
204:(1,1,0,0,1,0,0,0,0,2,1,0,1,1,0,0,1,0,0)
205:(1,1,0,0,1,0,0,0,0,2,1,0,1,1,1,0,1,0,0)
206:(1,1,0,0,1,0,0,0,0,2,1,0,1,1,1,1,0,0,0)
207:(1,1,0,0,1,0,0,0,0,2,1,0,1,1,2,0,1,0,0)
208:(1,1,0,0,1,0,0,0,0,2,1,0,1,1,2,1,0,0,0)
209:(1,1,0,0,1,0,0,0,0,2,1,0,1,2,0,0,1,0,0)
210:(1,1,0,0,1,0,0,0,0,2,1,0,1,2,1,0,1,0,0)
211:(1,1,0,0,1,0,0,0,0,2,1,0,1,2,1,1,0,0,0)
212:(1,1,0,0,1,0,0,0,0,2,1,0,1,2,2,0,1,0,0)
213:(1,1,0,0,1,0,0,0,0,2,1,0,1,2,2,1,0,0,0)
214:(1,1,0,0,1,0,0,0,0,2,1,1,0,0,0,0,0,0,0)
215:(1,1,0,0,1,0,0,0,0,2,1,1,0,0,1,1,0,0,0)
216:(1,1,0,0,1,0,0,0,0,2,1,1,0,0,2,1,0,0,0)
217:(1,1,0,0,1,0,0,0,0,2,1,1,0,1,0,0,1,0,0)
218:(1,1,0,0,1,0,0,0,0,2,1,1,0,1,1,0,1,0,0)
219:(1,1,0,0,1,0,0,0,0,2,1,1,0,1,1,1,0,0,0)
220:(1,1,0,0,1,0,0,0,0,2,1,1,0,1,2,0,1,0,0)
221:(1,1,0,0,1,0,0,0,0,2,1,1,0,1,2,1,0,0,0)
222:(1,1,0,0,1,0,0,0,0,2,1,1,0,2,0,0,1,0,0)
223:(1,1,0,0,1,0,0,0,0,2,1,1,0,2,1,0,1,0,0)
224:(1,1,0,0,1,0,0,0,0,2,1,1,0,2,1,1,0,0,0)
225:(1,1,0,0,1,0,0,0,0,2,1,1,0,2,2,0,1,0,0)
226:(1,1,0,0,1,0,0,0,0,2,1,1,0,2,2,1,0,0,0)
227:(1,1,0,0,1,0,0,0,0,2,2,0,1,0,0,0,0,0,0)
228:(1,1,0,0,1,0,0,0,0,2,2,0,1,0,1,0,0,1,0)
229:(1,1,0,0,1,0,0,0,0,2,2,0,1,0,2,0,0,1,0)
230:(1,1,0,0,1,0,0,0,0,2,2,0,1,1,0,0,1,0,0)
231:(1,1,0,0,1,0,0,0,0,2,2,0,1,1,1,0,0,1,0)
232:(1,1,0,0,1,0,0,0,0,2,2,0,1,1,1,0,1,0,0)
233:(1,1,0,0,1,0,0,0,0,2,2,0,1,1,2,0,0,1,0)
234:(1,1,0,0,1,0,0,0,0,2,2,0,1,1,2,0,1,0,0)
235:(1,1,0,0,1,0,0,0,0,2,2,0,1,2,0,0,1,0,0)
236:(1,1,0,0,1,0,0,0,0,2,2,0,1,2,1,0,0,1,0)
237:(1,1,0,0,1,0,0,0,0,2,2,0,1,2,1,0,1,0,0)
238:(1,1,0,0,1,0,0,0,0,2,2,0,1,2,2,0,0,1,0)
239:(1,1,0,0,1,0,0,0,0,2,2,0,1,2,2,0,1,0,0)
240:(1,1,0,0,1,0,0,0,0,2,2,1,0,0,0,0,0,0,0)
241:(1,1,0,0,1,0,0,0,0,2,2,1,0,0,1,0,0,1,0)
242:(1,1,0,0,1,0,0,0,0,2,2,1,0,0,2,0,0,1,0)
243:(1,1,0,0,1,0,0,0,0,2,2,1,0,1,0,0,1,0,0)
244:(1,1,0,0,1,0,0,0,0,2,2,1,0,1,1,0,0,1,0)
245:(1,1,0,0,1,0,0,0,0,2,2,1,0,1,1,0,1,0,0)
246:(1,1,0,0,1,0,0,0,0,2,2,1,0,1,2,0,0,1,0)
247:(1,1,0,0,1,0,0,0,0,2,2,1,0,1,2,0,1,0,0)
248:(1,1,0,0,1,0,0,0,0,2,2,1,0,2,0,0,1,0,0)
249:(1,1,0,0,1,0,0,0,0,2,2,1,0,2,1,0,0,1,0)
250:(1,1,0,0,1,0,0,0,0,2,2,1,0,2,1,0,1,0,0)
251:(1,1,0,0,1,0,0,0,0,2,2,1,0,2,2,0,0,1,0)
252:(1,1,0,0,1,0,0,0,0,2,2,1,0,2,2,0,1,0,0)
253:(1,2,0,0,0,0,0,0,1,0,1,0,1,0,1,1,0,0,0)
254:(1,2,0,0,0,0,0,0,1,0,2,0,1,0,1,0,0,1,0)
255:(1,2,0,0,0,0,0,0,1,1,1,0,1,0,1,1,0,0,0)
256:(1,2,0,0,0,0,0,0,1,1,1,0,1,1,1,0,0,0,1)
257:(1,2,0,0,0,0,0,0,1,1,1,0,1,1,1,1,0,0,0)
258:(1,2,0,0,0,0,0,0,1,1,1,0,1,2,1,0,0,0,1)
259:(1,2,0,0,0,0,0,0,1,1,1,0,1,2,1,1,0,0,0)
260:(1,2,0,0,0,0,0,0,1,1,1,1,0,0,1,1,0,0,0)
261:(1,2,0,0,0,0,0,0,1,1,1,1,0,1,1,0,0,0,1)
262:(1,2,0,0,0,0,0,0,1,1,1,1,0,1,1,1,0,0,0)
263:(1,2,0,0,0,0,0,0,1,1,1,1,0,2,1,0,0,0,1)
264:(1,2,0,0,0,0,0,0,1,1,1,1,0,2,1,1,0,0,0)
265:(1,2,0,0,0,0,0,0,1,1,2,0,1,0,1,0,0,1,0)
266:(1,2,0,0,0,0,0,0,1,1,2,0,1,1,1,0,0,0,1)
267:(1,2,0,0,0,0,0,0,1,1,2,0,1,1,1,0,0,1,0)
268:(1,2,0,0,0,0,0,0,1,1,2,0,1,2,1,0,0,0,1)
269:(1,2,0,0,0,0,0,0,1,1,2,0,1,2,1,0,0,1,0)
270:(1,2,0,0,0,0,0,0,1,1,2,1,0,0,1,0,0,1,0)
271:(1,2,0,0,0,0,0,0,1,1,2,1,0,1,1,0,0,0,1)
272:(1,2,0,0,0,0,0,0,1,1,2,1,0,1,1,0,0,1,0)
273:(1,2,0,0,0,0,0,0,1,1,2,1,0,2,1,0,0,0,1)
274:(1,2,0,0,0,0,0,0,1,1,2,1,0,2,1,0,0,1,0)
275:(1,2,0,0,0,0,0,0,1,2,1,0,1,0,1,1,0,0,0)
276:(1,2,0,0,0,0,0,0,1,2,1,0,1,1,1,0,1,0,0)
277:(1,2,0,0,0,0,0,0,1,2,1,0,1,1,1,1,0,0,0)
278:(1,2,0,0,0,0,0,0,1,2,1,0,1,2,1,0,1,0,0)
279:(1,2,0,0,0,0,0,0,1,2,1,0,1,2,1,1,0,0,0)
280:(1,2,0,0,0,0,0,0,1,2,1,1,0,0,1,1,0,0,0)
281:(1,2,0,0,0,0,0,0,1,2,1,1,0,1,1,0,1,0,0)
282:(1,2,0,0,0,0,0,0,1,2,1,1,0,1,1,1,0,0,0)
283:(1,2,0,0,0,0,0,0,1,2,1,1,0,2,1,0,1,0,0)
284:(1,2,0,0,0,0,0,0,1,2,1,1,0,2,1,1,0,0,0)
285:(1,2,0,0,0,0,0,0,1,2,2,0,1,0,1,0,0,1,0)
286:(1,2,0,0,0,0,0,0,1,2,2,0,1,1,1,0,0,1,0)
287:(1,2,0,0,0,0,0,0,1,2,2,0,1,1,1,0,1,0,0)
288:(1,2,0,0,0,0,0,0,1,2,2,0,1,2,1,0,0,1,0)
289:(1,2,0,0,0,0,0,0,1,2,2,0,1,2,1,0,1,0,0)
290:(1,2,0,0,0,0,0,0,1,2,2,1,0,0,1,0,0,1,0)
291:(1,2,0,0,0,0,0,0,1,2,2,1,0,1,1,0,0,1,0)
292:(1,2,0,0,0,0,0,0,1,2,2,1,0,1,1,0,1,0,0)
293:(1,2,0,0,0,0,0,0,1,2,2,1,0,2,1,0,0,1,0)
294:(1,2,0,0,0,0,0,0,1,2,2,1,0,2,1,0,1,0,0)
295:(1,2,0,0,1,0,0,0,0,0,1,0,1,0,1,1,0,0,0)
296:(1,2,0,0,1,0,0,0,0,0,2,0,1,0,1,0,0,1,0)
297:(1,2,0,0,1,0,0,0,0,1,1,1,0,0,1,1,0,0,0)
298:(1,2,0,0,1,0,0,0,0,1,1,1,0,1,1,0,0,0,1)
299:(1,2,0,0,1,0,0,0,0,1,1,1,0,2,1,0,0,0,1)
300:(1,2,0,0,1,0,0,0,0,1,2,1,0,0,1,0,0,1,0)
301:(1,2,0,0,1,0,0,0,0,1,2,1,0,1,1,0,0,0,1)
302:(1,2,0,0,1,0,0,0,0,1,2,1,0,2,1,0,0,0,1)
303:(1,2,0,0,1,0,0,0,0,2,1,1,0,0,1,1,0,0,0)
304:(1,2,0,0,1,0,0,0,0,2,1,1,0,1,1,0,1,0,0)
305:(1,2,0,0,1,0,0,0,0,2,1,1,0,2,1,0,1,0,0)
306:(1,2,0,0,1,0,0,0,0,2,2,1,0,0,1,0,0,1,0)
307:(1,2,0,0,1,0,0,0,0,2,2,1,0,1,1,0,1,0,0)
308:(1,2,0,0,1,0,0,0,0,2,2,1,0,2,1,0,1,0,0)
309:(1,3,0,0,0,0,0,1,0,0,1,0,1,0,2,1,0,0,0)
310:(1,3,0,0,0,0,0,1,0,0,2,0,1,0,2,0,0,1,0)
311:(1,3,0,0,0,0,0,1,0,1,1,0,1,0,2,1,0,0,0)
312:(1,3,0,0,0,0,0,1,0,1,1,0,1,1,2,0,0,0,1)
313:(1,3,0,0,0,0,0,1,0,1,1,0,1,1,2,1,0,0,0)
314:(1,3,0,0,0,0,0,1,0,1,1,0,1,2,2,0,0,0,1)
315:(1,3,0,0,0,0,0,1,0,1,1,0,1,2,2,1,0,0,0)
316:(1,3,0,0,0,0,0,1,0,1,1,1,0,0,2,1,0,0,0)
317:(1,3,0,0,0,0,0,1,0,1,1,1,0,1,2,0,0,0,1)
318:(1,3,0,0,0,0,0,1,0,1,1,1,0,1,2,1,0,0,0)
319:(1,3,0,0,0,0,0,1,0,1,1,1,0,2,2,0,0,0,1)
320:(1,3,0,0,0,0,0,1,0,1,1,1,0,2,2,1,0,0,0)
321:(1,3,0,0,0,0,0,1,0,1,2,0,1,0,2,0,0,1,0)
322:(1,3,0,0,0,0,0,1,0,1,2,0,1,1,2,0,0,0,1)
323:(1,3,0,0,0,0,0,1,0,1,2,0,1,1,2,0,0,1,0)
324:(1,3,0,0,0,0,0,1,0,1,2,0,1,2,2,0,0,0,1)
325:(1,3,0,0,0,0,0,1,0,1,2,0,1,2,2,0,0,1,0)
326:(1,3,0,0,0,0,0,1,0,1,2,1,0,0,2,0,0,1,0)
327:(1,3,0,0,0,0,0,1,0,1,2,1,0,1,2,0,0,0,1)
328:(1,3,0,0,0,0,0,1,0,1,2,1,0,1,2,0,0,1,0)
329:(1,3,0,0,0,0,0,1,0,1,2,1,0,2,2,0,0,0,1)
330:(1,3,0,0,0,0,0,1,0,1,2,1,0,2,2,0,0,1,0)
331:(1,3,0,0,0,0,0,1,0,2,1,0,1,0,2,1,0,0,0)
332:(1,3,0,0,0,0,0,1,0,2,1,0,1,1,2,0,1,0,0)
333:(1,3,0,0,0,0,0,1,0,2,1,0,1,1,2,1,0,0,0)
334:(1,3,0,0,0,0,0,1,0,2,1,0,1,2,2,0,1,0,0)
335:(1,3,0,0,0,0,0,1,0,2,1,0,1,2,2,1,0,0,0)
336:(1,3,0,0,0,0,0,1,0,2,1,1,0,0,2,1,0,0,0)
337:(1,3,0,0,0,0,0,1,0,2,1,1,0,1,2,0,1,0,0)
338:(1,3,0,0,0,0,0,1,0,2,1,1,0,1,2,1,0,0,0)
339:(1,3,0,0,0,0,0,1,0,2,1,1,0,2,2,0,1,0,0)
340:(1,3,0,0,0,0,0,1,0,2,1,1,0,2,2,1,0,0,0)
341:(1,3,0,0,0,0,0,1,0,2,2,0,1,0,2,0,0,1,0)
342:(1,3,0,0,0,0,0,1,0,2,2,0,1,1,2,0,0,1,0)
343:(1,3,0,0,0,0,0,1,0,2,2,0,1,1,2,0,1,0,0)
344:(1,3,0,0,0,0,0,1,0,2,2,0,1,2,2,0,0,1,0)
345:(1,3,0,0,0,0,0,1,0,2,2,0,1,2,2,0,1,0,0)
346:(1,3,0,0,0,0,0,1,0,2,2,1,0,0,2,0,0,1,0)
347:(1,3,0,0,0,0,0,1,0,2,2,1,0,1,2,0,0,1,0)
348:(1,3,0,0,0,0,0,1,0,2,2,1,0,1,2,0,1,0,0)
349:(1,3,0,0,0,0,0,1,0,2,2,1,0,2,2,0,0,1,0)
350:(1,3,0,0,0,0,0,1,0,2,2,1,0,2,2,0,1,0,0)
351:(1,3,0,0,1,0,0,0,0,0,1,0,1,0,2,1,0,0,0)
352:(1,3,0,0,1,0,0,0,0,0,2,0,1,0,2,0,0,1,0)
353:(1,3,0,0,1,0,0,0,0,1,1,1,0,0,2,1,0,0,0)
354:(1,3,0,0,1,0,0,0,0,1,1,1,0,1,2,0,0,0,1)
355:(1,3,0,0,1,0,0,0,0,1,1,1,0,2,2,0,0,0,1)
356:(1,3,0,0,1,0,0,0,0,1,2,1,0,0,2,0,0,1,0)
357:(1,3,0,0,1,0,0,0,0,1,2,1,0,1,2,0,0,0,1)
358:(1,3,0,0,1,0,0,0,0,1,2,1,0,2,2,0,0,0,1)
359:(1,3,0,0,1,0,0,0,0,2,1,1,0,0,2,1,0,0,0)
360:(1,3,0,0,1,0,0,0,0,2,1,1,0,1,2,0,1,0,0)
361:(1,3,0,0,1,0,0,0,0,2,1,1,0,2,2,0,1,0,0)
362:(1,3,0,0,1,0,0,0,0,2,2,1,0,0,2,0,0,1,0)
363:(1,3,0,0,1,0,0,0,0,2,2,1,0,1,2,0,1,0,0)
364:(1,3,0,0,1,0,0,0,0,2,2,1,0,2,2,0,1,0,0)
365:(2,0,0,0,0,1,0,0,0,1,0,1,0,1,0,0,0,0,1)
366:(2,0,0,0,0,1,0,0,0,2,0,1,0,1,0,0,1,0,0)
367:(2,1,0,0,0,0,1,0,0,1,0,1,0,1,0,0,0,0,1)
368:(2,1,0,0,0,0,1,0,0,1,1,0,1,1,0,0,0,0,1)
369:(2,1,0,0,0,0,1,0,0,1,1,0,1,1,1,1,0,0,0)
370:(2,1,0,0,0,0,1,0,0,1,1,0,1,1,2,1,0,0,0)
371:(2,1,0,0,0,0,1,0,0,1,2,0,1,1,0,0,0,0,1)
372:(2,1,0,0,0,0,1,0,0,1,2,0,1,1,1,0,0,1,0)
373:(2,1,0,0,0,0,1,0,0,1,2,0,1,1,2,0,0,1,0)
374:(2,1,0,0,0,0,1,0,0,2,0,1,0,1,0,0,1,0,0)
375:(2,1,0,0,0,0,1,0,0,2,1,0,1,1,0,0,1,0,0)
376:(2,1,0,0,0,0,1,0,0,2,1,0,1,1,1,1,0,0,0)
377:(2,1,0,0,0,0,1,0,0,2,1,0,1,1,2,1,0,0,0)
378:(2,1,0,0,0,0,1,0,0,2,2,0,1,1,0,0,1,0,0)
379:(2,1,0,0,0,0,1,0,0,2,2,0,1,1,1,0,0,1,0)
380:(2,1,0,0,0,0,1,0,0,2,2,0,1,1,2,0,0,1,0)
381:(2,1,0,0,0,1,0,0,0,1,0,1,0,1,0,0,0,0,1)
382:(2,1,0,0,0,1,0,0,0,1,1,0,1,1,0,0,0,0,1)
383:(2,1,0,0,0,1,0,0,0,1,1,0,1,1,1,0,0,0,1)
384:(2,1,0,0,0,1,0,0,0,1,1,0,1,1,1,1,0,0,0)
385:(2,1,0,0,0,1,0,0,0,1,1,0,1,1,2,0,0,0,1)
386:(2,1,0,0,0,1,0,0,0,1,1,0,1,1,2,1,0,0,0)
387:(2,1,0,0,0,1,0,0,0,1,1,1,0,1,0,0,0,0,1)
388:(2,1,0,0,0,1,0,0,0,1,1,1,0,1,1,0,0,0,1)
389:(2,1,0,0,0,1,0,0,0,1,1,1,0,1,1,1,0,0,0)
390:(2,1,0,0,0,1,0,0,0,1,1,1,0,1,2,0,0,0,1)
391:(2,1,0,0,0,1,0,0,0,1,1,1,0,1,2,1,0,0,0)
392:(2,1,0,0,0,1,0,0,0,1,2,0,1,1,0,0,0,0,1)
393:(2,1,0,0,0,1,0,0,0,1,2,0,1,1,1,0,0,0,1)
394:(2,1,0,0,0,1,0,0,0,1,2,0,1,1,1,0,0,1,0)
395:(2,1,0,0,0,1,0,0,0,1,2,0,1,1,2,0,0,0,1)
396:(2,1,0,0,0,1,0,0,0,1,2,0,1,1,2,0,0,1,0)
397:(2,1,0,0,0,1,0,0,0,1,2,1,0,1,0,0,0,0,1)
398:(2,1,0,0,0,1,0,0,0,1,2,1,0,1,1,0,0,0,1)
399:(2,1,0,0,0,1,0,0,0,1,2,1,0,1,1,0,0,1,0)
400:(2,1,0,0,0,1,0,0,0,1,2,1,0,1,2,0,0,0,1)
401:(2,1,0,0,0,1,0,0,0,1,2,1,0,1,2,0,0,1,0)
402:(2,1,0,0,0,1,0,0,0,2,0,1,0,1,0,0,1,0,0)
403:(2,1,0,0,0,1,0,0,0,2,1,0,1,1,0,0,1,0,0)
404:(2,1,0,0,0,1,0,0,0,2,1,0,1,1,1,0,1,0,0)
405:(2,1,0,0,0,1,0,0,0,2,1,0,1,1,1,1,0,0,0)
406:(2,1,0,0,0,1,0,0,0,2,1,0,1,1,2,0,1,0,0)
407:(2,1,0,0,0,1,0,0,0,2,1,0,1,1,2,1,0,0,0)
408:(2,1,0,0,0,1,0,0,0,2,1,1,0,1,0,0,1,0,0)
409:(2,1,0,0,0,1,0,0,0,2,1,1,0,1,1,0,1,0,0)
410:(2,1,0,0,0,1,0,0,0,2,1,1,0,1,1,1,0,0,0)
411:(2,1,0,0,0,1,0,0,0,2,1,1,0,1,2,0,1,0,0)
412:(2,1,0,0,0,1,0,0,0,2,1,1,0,1,2,1,0,0,0)
413:(2,1,0,0,0,1,0,0,0,2,2,0,1,1,0,0,1,0,0)
414:(2,1,0,0,0,1,0,0,0,2,2,0,1,1,1,0,0,1,0)
415:(2,1,0,0,0,1,0,0,0,2,2,0,1,1,1,0,1,0,0)
416:(2,1,0,0,0,1,0,0,0,2,2,0,1,1,2,0,0,1,0)
417:(2,1,0,0,0,1,0,0,0,2,2,0,1,1,2,0,1,0,0)
418:(2,1,0,0,0,1,0,0,0,2,2,1,0,1,0,0,1,0,0)
419:(2,1,0,0,0,1,0,0,0,2,2,1,0,1,1,0,0,1,0)
420:(2,1,0,0,0,1,0,0,0,2,2,1,0,1,1,0,1,0,0)
421:(2,1,0,0,0,1,0,0,0,2,2,1,0,1,2,0,0,1,0)
422:(2,1,0,0,0,1,0,0,0,2,2,1,0,1,2,0,1,0,0)
423:(2,2,0,0,0,0,0,0,1,1,1,0,1,1,1,0,0,0,1)
424:(2,2,0,0,0,0,0,0,1,1,1,0,1,1,1,1,0,0,0)
425:(2,2,0,0,0,0,0,0,1,1,1,1,0,1,1,0,0,0,1)
426:(2,2,0,0,0,0,0,0,1,1,1,1,0,1,1,1,0,0,0)
427:(2,2,0,0,0,0,0,0,1,1,2,0,1,1,1,0,0,0,1)
428:(2,2,0,0,0,0,0,0,1,1,2,0,1,1,1,0,0,1,0)
429:(2,2,0,0,0,0,0,0,1,1,2,1,0,1,1,0,0,0,1)
430:(2,2,0,0,0,0,0,0,1,1,2,1,0,1,1,0,0,1,0)
431:(2,2,0,0,0,0,0,0,1,2,1,0,1,1,1,0,1,0,0)
432:(2,2,0,0,0,0,0,0,1,2,1,0,1,1,1,1,0,0,0)
433:(2,2,0,0,0,0,0,0,1,2,1,1,0,1,1,0,1,0,0)
434:(2,2,0,0,0,0,0,0,1,2,1,1,0,1,1,1,0,0,0)
435:(2,2,0,0,0,0,0,0,1,2,2,0,1,1,1,0,0,1,0)
436:(2,2,0,0,0,0,0,0,1,2,2,0,1,1,1,0,1,0,0)
437:(2,2,0,0,0,0,0,0,1,2,2,1,0,1,1,0,0,1,0)
438:(2,2,0,0,0,0,0,0,1,2,2,1,0,1,1,0,1,0,0)
439:(2,2,0,0,0,1,0,0,0,1,1,0,1,1,1,0,0,0,1)
440:(2,2,0,0,0,1,0,0,0,1,1,0,1,1,1,1,0,0,0)
441:(2,2,0,0,0,1,0,0,0,1,1,1,0,1,1,0,0,0,1)
442:(2,2,0,0,0,1,0,0,0,1,1,1,0,1,1,1,0,0,0)
443:(2,2,0,0,0,1,0,0,0,1,2,0,1,1,1,0,0,0,1)
444:(2,2,0,0,0,1,0,0,0,1,2,0,1,1,1,0,0,1,0)
445:(2,2,0,0,0,1,0,0,0,1,2,1,0,1,1,0,0,0,1)
446:(2,2,0,0,0,1,0,0,0,1,2,1,0,1,1,0,0,1,0)
447:(2,2,0,0,0,1,0,0,0,2,1,0,1,1,1,0,1,0,0)
448:(2,2,0,0,0,1,0,0,0,2,1,0,1,1,1,1,0,0,0)
449:(2,2,0,0,0,1,0,0,0,2,1,1,0,1,1,0,1,0,0)
450:(2,2,0,0,0,1,0,0,0,2,1,1,0,1,1,1,0,0,0)
451:(2,2,0,0,0,1,0,0,0,2,2,0,1,1,1,0,0,1,0)
452:(2,2,0,0,0,1,0,0,0,2,2,0,1,1,1,0,1,0,0)
453:(2,2,0,0,0,1,0,0,0,2,2,1,0,1,1,0,0,1,0)
454:(2,2,0,0,0,1,0,0,0,2,2,1,0,1,1,0,1,0,0)
455:(2,3,0,0,0,0,0,1,0,1,1,0,1,1,2,0,0,0,1)
456:(2,3,0,0,0,0,0,1,0,1,1,0,1,1,2,1,0,0,0)
457:(2,3,0,0,0,0,0,1,0,1,1,1,0,1,2,0,0,0,1)
458:(2,3,0,0,0,0,0,1,0,1,1,1,0,1,2,1,0,0,0)
459:(2,3,0,0,0,0,0,1,0,1,2,0,1,1,2,0,0,0,1)
460:(2,3,0,0,0,0,0,1,0,1,2,0,1,1,2,0,0,1,0)
461:(2,3,0,0,0,0,0,1,0,1,2,1,0,1,2,0,0,0,1)
462:(2,3,0,0,0,0,0,1,0,1,2,1,0,1,2,0,0,1,0)
463:(2,3,0,0,0,0,0,1,0,2,1,0,1,1,2,0,1,0,0)
464:(2,3,0,0,0,0,0,1,0,2,1,0,1,1,2,1,0,0,0)
465:(2,3,0,0,0,0,0,1,0,2,1,1,0,1,2,0,1,0,0)
466:(2,3,0,0,0,0,0,1,0,2,1,1,0,1,2,1,0,0,0)
467:(2,3,0,0,0,0,0,1,0,2,2,0,1,1,2,0,0,1,0)
468:(2,3,0,0,0,0,0,1,0,2,2,0,1,1,2,0,1,0,0)
469:(2,3,0,0,0,0,0,1,0,2,2,1,0,1,2,0,0,1,0)
470:(2,3,0,0,0,0,0,1,0,2,2,1,0,1,2,0,1,0,0)
471:(2,3,0,0,0,1,0,0,0,1,1,0,1,1,2,0,0,0,1)
472:(2,3,0,0,0,1,0,0,0,1,1,0,1,1,2,1,0,0,0)
473:(2,3,0,0,0,1,0,0,0,1,1,1,0,1,2,0,0,0,1)
474:(2,3,0,0,0,1,0,0,0,1,1,1,0,1,2,1,0,0,0)
475:(2,3,0,0,0,1,0,0,0,1,2,0,1,1,2,0,0,0,1)
476:(2,3,0,0,0,1,0,0,0,1,2,0,1,1,2,0,0,1,0)
477:(2,3,0,0,0,1,0,0,0,1,2,1,0,1,2,0,0,0,1)
478:(2,3,0,0,0,1,0,0,0,1,2,1,0,1,2,0,0,1,0)
479:(2,3,0,0,0,1,0,0,0,2,1,0,1,1,2,0,1,0,0)
480:(2,3,0,0,0,1,0,0,0,2,1,0,1,1,2,1,0,0,0)
481:(2,3,0,0,0,1,0,0,0,2,1,1,0,1,2,0,1,0,0)
482:(2,3,0,0,0,1,0,0,0,2,1,1,0,1,2,1,0,0,0)
483:(2,3,0,0,0,1,0,0,0,2,2,0,1,1,2,0,0,1,0)
484:(2,3,0,0,0,1,0,0,0,2,2,0,1,1,2,0,1,0,0)
485:(2,3,0,0,0,1,0,0,0,2,2,1,0,1,2,0,0,1,0)
486:(2,3,0,0,0,1,0,0,0,2,2,1,0,1,2,0,1,0,0)
487:(3,0,0,1,0,0,0,0,0,1,0,1,0,2,0,0,0,0,1)
488:(3,0,0,1,0,0,0,0,0,2,0,1,0,2,0,0,1,0,0)
489:(3,1,0,0,0,0,1,0,0,1,0,1,0,2,0,0,0,0,1)
490:(3,1,0,0,0,0,1,0,0,1,1,0,1,2,0,0,0,0,1)
491:(3,1,0,0,0,0,1,0,0,1,1,0,1,2,1,1,0,0,0)
492:(3,1,0,0,0,0,1,0,0,1,1,0,1,2,2,1,0,0,0)
493:(3,1,0,0,0,0,1,0,0,1,2,0,1,2,0,0,0,0,1)
494:(3,1,0,0,0,0,1,0,0,1,2,0,1,2,1,0,0,1,0)
495:(3,1,0,0,0,0,1,0,0,1,2,0,1,2,2,0,0,1,0)
496:(3,1,0,0,0,0,1,0,0,2,0,1,0,2,0,0,1,0,0)
497:(3,1,0,0,0,0,1,0,0,2,1,0,1,2,0,0,1,0,0)
498:(3,1,0,0,0,0,1,0,0,2,1,0,1,2,1,1,0,0,0)
499:(3,1,0,0,0,0,1,0,0,2,1,0,1,2,2,1,0,0,0)
500:(3,1,0,0,0,0,1,0,0,2,2,0,1,2,0,0,1,0,0)
501:(3,1,0,0,0,0,1,0,0,2,2,0,1,2,1,0,0,1,0)
502:(3,1,0,0,0,0,1,0,0,2,2,0,1,2,2,0,0,1,0)
503:(3,1,0,1,0,0,0,0,0,1,0,1,0,2,0,0,0,0,1)
504:(3,1,0,1,0,0,0,0,0,1,1,0,1,2,0,0,0,0,1)
505:(3,1,0,1,0,0,0,0,0,1,1,0,1,2,1,0,0,0,1)
506:(3,1,0,1,0,0,0,0,0,1,1,0,1,2,1,1,0,0,0)
507:(3,1,0,1,0,0,0,0,0,1,1,0,1,2,2,0,0,0,1)
508:(3,1,0,1,0,0,0,0,0,1,1,0,1,2,2,1,0,0,0)
509:(3,1,0,1,0,0,0,0,0,1,1,1,0,2,0,0,0,0,1)
510:(3,1,0,1,0,0,0,0,0,1,1,1,0,2,1,0,0,0,1)
511:(3,1,0,1,0,0,0,0,0,1,1,1,0,2,1,1,0,0,0)
512:(3,1,0,1,0,0,0,0,0,1,1,1,0,2,2,0,0,0,1)
513:(3,1,0,1,0,0,0,0,0,1,1,1,0,2,2,1,0,0,0)
514:(3,1,0,1,0,0,0,0,0,1,2,0,1,2,0,0,0,0,1)
515:(3,1,0,1,0,0,0,0,0,1,2,0,1,2,1,0,0,0,1)
516:(3,1,0,1,0,0,0,0,0,1,2,0,1,2,1,0,0,1,0)
517:(3,1,0,1,0,0,0,0,0,1,2,0,1,2,2,0,0,0,1)
518:(3,1,0,1,0,0,0,0,0,1,2,0,1,2,2,0,0,1,0)
519:(3,1,0,1,0,0,0,0,0,1,2,1,0,2,0,0,0,0,1)
520:(3,1,0,1,0,0,0,0,0,1,2,1,0,2,1,0,0,0,1)
521:(3,1,0,1,0,0,0,0,0,1,2,1,0,2,1,0,0,1,0)
522:(3,1,0,1,0,0,0,0,0,1,2,1,0,2,2,0,0,0,1)
523:(3,1,0,1,0,0,0,0,0,1,2,1,0,2,2,0,0,1,0)
524:(3,1,0,1,0,0,0,0,0,2,0,1,0,2,0,0,1,0,0)
525:(3,1,0,1,0,0,0,0,0,2,1,0,1,2,0,0,1,0,0)
526:(3,1,0,1,0,0,0,0,0,2,1,0,1,2,1,0,1,0,0)
527:(3,1,0,1,0,0,0,0,0,2,1,0,1,2,1,1,0,0,0)
528:(3,1,0,1,0,0,0,0,0,2,1,0,1,2,2,0,1,0,0)
529:(3,1,0,1,0,0,0,0,0,2,1,0,1,2,2,1,0,0,0)
530:(3,1,0,1,0,0,0,0,0,2,1,1,0,2,0,0,1,0,0)
531:(3,1,0,1,0,0,0,0,0,2,1,1,0,2,1,0,1,0,0)
532:(3,1,0,1,0,0,0,0,0,2,1,1,0,2,1,1,0,0,0)
533:(3,1,0,1,0,0,0,0,0,2,1,1,0,2,2,0,1,0,0)
534:(3,1,0,1,0,0,0,0,0,2,1,1,0,2,2,1,0,0,0)
535:(3,1,0,1,0,0,0,0,0,2,2,0,1,2,0,0,1,0,0)
536:(3,1,0,1,0,0,0,0,0,2,2,0,1,2,1,0,0,1,0)
537:(3,1,0,1,0,0,0,0,0,2,2,0,1,2,1,0,1,0,0)
538:(3,1,0,1,0,0,0,0,0,2,2,0,1,2,2,0,0,1,0)
539:(3,1,0,1,0,0,0,0,0,2,2,0,1,2,2,0,1,0,0)
540:(3,1,0,1,0,0,0,0,0,2,2,1,0,2,0,0,1,0,0)
541:(3,1,0,1,0,0,0,0,0,2,2,1,0,2,1,0,0,1,0)
542:(3,1,0,1,0,0,0,0,0,2,2,1,0,2,1,0,1,0,0)
543:(3,1,0,1,0,0,0,0,0,2,2,1,0,2,2,0,0,1,0)
544:(3,1,0,1,0,0,0,0,0,2,2,1,0,2,2,0,1,0,0)
545:(3,2,0,0,0,0,0,0,1,1,1,0,1,2,1,0,0,0,1)
546:(3,2,0,0,0,0,0,0,1,1,1,0,1,2,1,1,0,0,0)
547:(3,2,0,0,0,0,0,0,1,1,1,1,0,2,1,0,0,0,1)
548:(3,2,0,0,0,0,0,0,1,1,1,1,0,2,1,1,0,0,0)
549:(3,2,0,0,0,0,0,0,1,1,2,0,1,2,1,0,0,0,1)
550:(3,2,0,0,0,0,0,0,1,1,2,0,1,2,1,0,0,1,0)
551:(3,2,0,0,0,0,0,0,1,1,2,1,0,2,1,0,0,0,1)
552:(3,2,0,0,0,0,0,0,1,1,2,1,0,2,1,0,0,1,0)
553:(3,2,0,0,0,0,0,0,1,2,1,0,1,2,1,0,1,0,0)
554:(3,2,0,0,0,0,0,0,1,2,1,0,1,2,1,1,0,0,0)
555:(3,2,0,0,0,0,0,0,1,2,1,1,0,2,1,0,1,0,0)
556:(3,2,0,0,0,0,0,0,1,2,1,1,0,2,1,1,0,0,0)
557:(3,2,0,0,0,0,0,0,1,2,2,0,1,2,1,0,0,1,0)
558:(3,2,0,0,0,0,0,0,1,2,2,0,1,2,1,0,1,0,0)
559:(3,2,0,0,0,0,0,0,1,2,2,1,0,2,1,0,0,1,0)
560:(3,2,0,0,0,0,0,0,1,2,2,1,0,2,1,0,1,0,0)
561:(3,2,0,1,0,0,0,0,0,1,1,0,1,2,1,0,0,0,1)
562:(3,2,0,1,0,0,0,0,0,1,1,0,1,2,1,1,0,0,0)
563:(3,2,0,1,0,0,0,0,0,1,1,1,0,2,1,0,0,0,1)
564:(3,2,0,1,0,0,0,0,0,1,1,1,0,2,1,1,0,0,0)
565:(3,2,0,1,0,0,0,0,0,1,2,0,1,2,1,0,0,0,1)
566:(3,2,0,1,0,0,0,0,0,1,2,0,1,2,1,0,0,1,0)
567:(3,2,0,1,0,0,0,0,0,1,2,1,0,2,1,0,0,0,1)
568:(3,2,0,1,0,0,0,0,0,1,2,1,0,2,1,0,0,1,0)
569:(3,2,0,1,0,0,0,0,0,2,1,0,1,2,1,0,1,0,0)
570:(3,2,0,1,0,0,0,0,0,2,1,0,1,2,1,1,0,0,0)
571:(3,2,0,1,0,0,0,0,0,2,1,1,0,2,1,0,1,0,0)
572:(3,2,0,1,0,0,0,0,0,2,1,1,0,2,1,1,0,0,0)
573:(3,2,0,1,0,0,0,0,0,2,2,0,1,2,1,0,0,1,0)
574:(3,2,0,1,0,0,0,0,0,2,2,0,1,2,1,0,1,0,0)
575:(3,2,0,1,0,0,0,0,0,2,2,1,0,2,1,0,0,1,0)
576:(3,2,0,1,0,0,0,0,0,2,2,1,0,2,1,0,1,0,0)
577:(3,3,0,0,0,0,0,1,0,1,1,0,1,2,2,0,0,0,1)
578:(3,3,0,0,0,0,0,1,0,1,1,0,1,2,2,1,0,0,0)
579:(3,3,0,0,0,0,0,1,0,1,1,1,0,2,2,0,0,0,1)
580:(3,3,0,0,0,0,0,1,0,1,1,1,0,2,2,1,0,0,0)
581:(3,3,0,0,0,0,0,1,0,1,2,0,1,2,2,0,0,0,1)
582:(3,3,0,0,0,0,0,1,0,1,2,0,1,2,2,0,0,1,0)
583:(3,3,0,0,0,0,0,1,0,1,2,1,0,2,2,0,0,0,1)
584:(3,3,0,0,0,0,0,1,0,1,2,1,0,2,2,0,0,1,0)
585:(3,3,0,0,0,0,0,1,0,2,1,0,1,2,2,0,1,0,0)
586:(3,3,0,0,0,0,0,1,0,2,1,0,1,2,2,1,0,0,0)
587:(3,3,0,0,0,0,0,1,0,2,1,1,0,2,2,0,1,0,0)
588:(3,3,0,0,0,0,0,1,0,2,1,1,0,2,2,1,0,0,0)
589:(3,3,0,0,0,0,0,1,0,2,2,0,1,2,2,0,0,1,0)
590:(3,3,0,0,0,0,0,1,0,2,2,0,1,2,2,0,1,0,0)
591:(3,3,0,0,0,0,0,1,0,2,2,1,0,2,2,0,0,1,0)
592:(3,3,0,0,0,0,0,1,0,2,2,1,0,2,2,0,1,0,0)
593:(3,3,0,1,0,0,0,0,0,1,1,0,1,2,2,0,0,0,1)
594:(3,3,0,1,0,0,0,0,0,1,1,0,1,2,2,1,0,0,0)
595:(3,3,0,1,0,0,0,0,0,1,1,1,0,2,2,0,0,0,1)
596:(3,3,0,1,0,0,0,0,0,1,1,1,0,2,2,1,0,0,0)
597:(3,3,0,1,0,0,0,0,0,1,2,0,1,2,2,0,0,0,1)
598:(3,3,0,1,0,0,0,0,0,1,2,0,1,2,2,0,0,1,0)
599:(3,3,0,1,0,0,0,0,0,1,2,1,0,2,2,0,0,0,1)
600:(3,3,0,1,0,0,0,0,0,1,2,1,0,2,2,0,0,1,0)
601:(3,3,0,1,0,0,0,0,0,2,1,0,1,2,2,0,1,0,0)
602:(3,3,0,1,0,0,0,0,0,2,1,0,1,2,2,1,0,0,0)
603:(3,3,0,1,0,0,0,0,0,2,1,1,0,2,2,0,1,0,0)
604:(3,3,0,1,0,0,0,0,0,2,1,1,0,2,2,1,0,0,0)
605:(3,3,0,1,0,0,0,0,0,2,2,0,1,2,2,0,0,1,0)
606:(3,3,0,1,0,0,0,0,0,2,2,0,1,2,2,0,1,0,0)
607:(3,3,0,1,0,0,0,0,0,2,2,1,0,2,2,0,0,1,0)
608:(3,3,0,1,0,0,0,0,0,2,2,1,0,2,2,0,1,0,0)
